{"meta": {"format": 3, "version": "7.10.7", "timestamp": "2025-11-24T13:47:39.670697", "branch_coverage": false, "show_contexts": false}, "files": {"src/moltres/config.py": {"executed_lines": [1, 3, 5, 6, 7, 9, 11, 14, 16, 19, 20, 21, 23, 24, 25, 26, 27, 28, 29, 30, 31, 32, 33, 34, 36, 38, 39, 40, 46, 47, 48, 50, 51, 52, 53, 56, 62, 65, 66, 68, 69, 71, 74, 75, 77, 78, 80, 81, 83, 84, 86, 87, 94, 97, 100, 146, 153, 154, 155, 156, 157, 169, 172, 174, 182, 183, 186], "summary": {"covered_lines": 63, "num_statements": 73, "percent_covered": 86.3013698630137, "percent_covered_display": "86.30", "missing_lines": 10, "excluded_lines": 2}, "missing_lines": [41, 72, 95, 147, 148, 149, 150, 162, 163, 166], "excluded_lines": [11, 12], "functions": {"EngineConfig.__post_init__": {"executed_lines": [38, 39, 40], "summary": {"covered_lines": 3, "num_statements": 4, "percent_covered": 75.0, "percent_covered_display": "75.00", "missing_lines": 1, "excluded_lines": 0}, "missing_lines": [41], "excluded_lines": []}, "_load_env_config": {"executed_lines": [62, 65, 66, 68, 69, 71, 74, 75, 77, 78, 80, 81, 83, 84, 86, 87, 94, 97], "summary": {"covered_lines": 18, "num_statements": 20, "percent_covered": 90.0, "percent_covered_display": "90.00", "missing_lines": 2, "excluded_lines": 0}, "missing_lines": [72, 95], "excluded_lines": []}, "create_config": {"executed_lines": [146, 153, 154, 155, 156, 157, 169, 172, 174, 182, 183], "summary": {"covered_lines": 11, "num_statements": 18, "percent_covered": 61.111111111111114, "percent_covered_display": "61.11", "missing_lines": 7, "excluded_lines": 0}, "missing_lines": [147, 148, 149, 150, 162, 163, 166], "excluded_lines": []}, "": {"executed_lines": [1, 3, 5, 6, 7, 9, 11, 14, 16, 19, 20, 21, 23, 24, 25, 26, 27, 28, 29, 30, 31, 32, 33, 34, 36, 46, 47, 48, 50, 51, 52, 53, 56, 100, 186], "summary": {"covered_lines": 31, "num_statements": 31, "percent_covered": 100.0, "percent_covered_display": "100.00", "missing_lines": 0, "excluded_lines": 2}, "missing_lines": [], "excluded_lines": [11, 12]}}, "classes": {"EngineConfig": {"executed_lines": [38, 39, 40], "summary": {"covered_lines": 3, "num_statements": 4, "percent_covered": 75.0, "percent_covered_display": "75.00", "missing_lines": 1, "excluded_lines": 0}, "missing_lines": [41], "excluded_lines": []}, "MoltresConfig": {"executed_lines": [], "summary": {"covered_lines": 0, "num_statements": 0, "percent_covered": 100.0, "percent_covered_display": "100.00", "missing_lines": 0, "excluded_lines": 0}, "missing_lines": [], "excluded_lines": []}, "": {"executed_lines": [1, 3, 5, 6, 7, 9, 11, 14, 16, 19, 20, 21, 23, 24, 25, 26, 27, 28, 29, 30, 31, 32, 33, 34, 36, 46, 47, 48, 50, 51, 52, 53, 56, 62, 65, 66, 68, 69, 71, 74, 75, 77, 78, 80, 81, 83, 84, 86, 87, 94, 97, 100, 146, 153, 154, 155, 156, 157, 169, 172, 174, 182, 183, 186], "summary": {"covered_lines": 60, "num_statements": 69, "percent_covered": 86.95652173913044, "percent_covered_display": "86.96", "missing_lines": 9, "excluded_lines": 2}, "missing_lines": [72, 95, 147, 148, 149, 150, 162, 163, 166], "excluded_lines": [11, 12]}}}, "src/moltres/dataframe/async_dataframe.py": {"executed_lines": [1, 3, 5, 6, 20, 21, 22, 23, 25, 32, 33, 34, 36, 37, 40, 41, 45, 46, 47, 48, 49, 51, 72, 76, 77, 80, 83, 86, 87, 89, 90, 92, 93, 94, 96, 99, 100, 105, 107, 110, 112, 113, 116, 119, 124, 126, 136, 137, 139, 141, 144, 147, 149, 168, 170, 174, 175, 177, 187, 188, 189, 190, 193, 195, 217, 218, 221, 222, 224, 233, 235, 237, 239, 246, 248, 252, 255, 256, 260, 274, 305, 336, 338, 340, 341, 342, 344, 346, 348, 351, 353, 354, 356, 358, 360, 362, 377, 379, 381, 383, 385, 386, 388, 397, 406, 415, 427, 429, 431, 438, 477, 500, 521, 556, 563, 570, 577, 590, 611, 615, 642, 662, 675, 676, 678, 679, 681, 697, 701, 702, 714, 715, 718, 720, 722, 725, 726, 727, 729, 731, 732, 734, 750, 752, 755, 758, 759, 775, 776, 779, 782, 790, 793, 814, 815, 817, 820, 821, 822, 823, 824, 825, 826, 837, 839, 896, 909, 912, 913, 914, 916, 917, 920, 921, 924, 925, 928, 930, 931, 936, 939, 940, 950, 952, 953, 963, 965, 966, 968, 970, 972, 994, 1010, 1012, 1015, 1017, 1022, 1024, 1025, 1026, 1028, 1030, 1031, 1032, 1034, 1036, 1040, 1042, 1044, 1045, 1049, 1050, 1055, 1056, 1058, 1077], "summary": {"covered_lines": 205, "num_statements": 456, "percent_covered": 44.95614035087719, "percent_covered_display": "44.96", "missing_lines": 251, "excluded_lines": 23}, "missing_lines": [73, 101, 114, 128, 129, 131, 132, 133, 145, 171, 178, 179, 180, 181, 182, 184, 225, 226, 227, 228, 229, 231, 247, 249, 253, 272, 297, 298, 299, 300, 301, 302, 303, 328, 329, 330, 331, 332, 333, 334, 359, 382, 384, 390, 391, 392, 393, 394, 395, 399, 400, 401, 402, 403, 404, 408, 409, 410, 411, 412, 413, 424, 425, 433, 434, 436, 440, 441, 442, 444, 445, 446, 447, 448, 450, 453, 454, 455, 457, 458, 461, 463, 464, 466, 470, 472, 473, 475, 479, 480, 482, 483, 484, 485, 486, 489, 490, 492, 494, 495, 497, 498, 502, 504, 506, 507, 508, 509, 510, 513, 514, 516, 517, 519, 523, 525, 526, 527, 528, 529, 531, 532, 533, 534, 535, 536, 537, 538, 539, 541, 542, 543, 545, 546, 554, 558, 559, 560, 561, 565, 566, 567, 568, 572, 573, 574, 575, 579, 581, 582, 583, 584, 585, 586, 587, 588, 592, 594, 595, 597, 598, 599, 600, 609, 613, 619, 621, 622, 624, 625, 626, 627, 628, 630, 632, 635, 636, 638, 640, 644, 645, 647, 648, 649, 650, 651, 653, 654, 655, 656, 657, 659, 664, 666, 671, 672, 673, 698, 705, 707, 708, 709, 711, 723, 753, 761, 766, 772, 828, 829, 830, 832, 833, 834, 852, 853, 855, 856, 857, 859, 860, 863, 864, 867, 868, 871, 873, 874, 875, 876, 879, 882, 883, 891, 894, 910, 932, 933, 948, 996, 998, 999, 1003, 1004, 1005, 1033, 1041, 1043, 1046, 1075, 1096], "excluded_lines": [25, 26, 27, 28, 29, 952, 953, 954, 955, 956, 957, 958, 959, 960, 961, 962, 963, 965, 966, 967, 968, 969, 970], "functions": {"AsyncDataFrame.from_table": {"executed_lines": [45, 46, 47, 48, 49], "summary": {"covered_lines": 5, "num_statements": 5, "percent_covered": 100.0, "percent_covered_display": "100.00", "missing_lines": 0, "excluded_lines": 0}, "missing_lines": [], "excluded_lines": []}, "AsyncDataFrame.select": {"executed_lines": [72, 76, 77, 80, 83, 86, 87, 89, 90, 92, 93, 94, 96, 99, 100, 105, 107, 110, 112, 113, 116, 119, 124, 126, 136, 137, 139, 141, 144, 147], "summary": {"covered_lines": 30, "num_statements": 39, "percent_covered": 76.92307692307692, "percent_covered_display": "76.92", "missing_lines": 9, "excluded_lines": 0}, "missing_lines": [73, 101, 114, 128, 129, 131, 132, 133, 145], "excluded_lines": []}, "AsyncDataFrame.selectExpr": {"executed_lines": [168, 170, 174, 175, 177, 187, 188, 189, 190, 193], "summary": {"covered_lines": 10, "num_statements": 17, "percent_covered": 58.8235294117647, "percent_covered_display": "58.82", "missing_lines": 7, "excluded_lines": 0}, "missing_lines": [171, 178, 179, 180, 181, 182, 184], "excluded_lines": []}, "AsyncDataFrame.where": {"executed_lines": [217, 218, 221, 222, 224, 233, 235], "summary": {"covered_lines": 7, "num_statements": 13, "percent_covered": 53.84615384615385, "percent_covered_display": "53.85", "missing_lines": 6, "excluded_lines": 0}, "missing_lines": [225, 226, 227, 228, 229, 231], "excluded_lines": []}, "AsyncDataFrame.join": {"executed_lines": [246, 248, 252, 255, 256], "summary": {"covered_lines": 5, "num_statements": 8, "percent_covered": 62.5, "percent_covered_display": "62.50", "missing_lines": 3, "excluded_lines": 0}, "missing_lines": [247, 249, 253], "excluded_lines": []}, "AsyncDataFrame.crossJoin": {"executed_lines": [], "summary": {"covered_lines": 0, "num_statements": 1, "percent_covered": 0.0, "percent_covered_display": "0.00", "missing_lines": 1, "excluded_lines": 0}, "missing_lines": [272], "excluded_lines": []}, "AsyncDataFrame.semi_join": {"executed_lines": [], "summary": {"covered_lines": 0, "num_statements": 7, "percent_covered": 0.0, "percent_covered_display": "0.00", "missing_lines": 7, "excluded_lines": 0}, "missing_lines": [297, 298, 299, 300, 301, 302, 303], "excluded_lines": []}, "AsyncDataFrame.anti_join": {"executed_lines": [], "summary": {"covered_lines": 0, "num_statements": 7, "percent_covered": 0.0, "percent_covered_display": "0.00", "missing_lines": 7, "excluded_lines": 0}, "missing_lines": [328, 329, 330, 331, 332, 333, 334], "excluded_lines": []}, "AsyncDataFrame.group_by": {"executed_lines": [338, 340, 341, 342], "summary": {"covered_lines": 4, "num_statements": 4, "percent_covered": 100.0, "percent_covered_display": "100.00", "missing_lines": 0, "excluded_lines": 0}, "missing_lines": [], "excluded_lines": []}, "AsyncDataFrame.order_by": {"executed_lines": [348, 351], "summary": {"covered_lines": 2, "num_statements": 2, "percent_covered": 100.0, "percent_covered_display": "100.00", "missing_lines": 0, "excluded_lines": 0}, "missing_lines": [], "excluded_lines": []}, "AsyncDataFrame.limit": {"executed_lines": [358, 360], "summary": {"covered_lines": 2, "num_statements": 3, "percent_covered": 66.66666666666667, "percent_covered_display": "66.67", "missing_lines": 1, "excluded_lines": 0}, "missing_lines": [359], "excluded_lines": []}, "AsyncDataFrame.sample": {"executed_lines": [377], "summary": {"covered_lines": 1, "num_statements": 1, "percent_covered": 100.0, "percent_covered_display": "100.00", "missing_lines": 0, "excluded_lines": 0}, "missing_lines": [], "excluded_lines": []}, "AsyncDataFrame.union": {"executed_lines": [381, 383, 385, 386], "summary": {"covered_lines": 4, "num_statements": 6, "percent_covered": 66.66666666666667, "percent_covered_display": "66.67", "missing_lines": 2, "excluded_lines": 0}, "missing_lines": [382, 384], "excluded_lines": []}, "AsyncDataFrame.unionAll": {"executed_lines": [], "summary": {"covered_lines": 0, "num_statements": 6, "percent_covered": 0.0, "percent_covered_display": "0.00", "missing_lines": 6, "excluded_lines": 0}, "missing_lines": [390, 391, 392, 393, 394, 395], "excluded_lines": []}, "AsyncDataFrame.intersect": {"executed_lines": [], "summary": {"covered_lines": 0, "num_statements": 6, "percent_covered": 0.0, "percent_covered_display": "0.00", "missing_lines": 6, "excluded_lines": 0}, "missing_lines": [399, 400, 401, 402, 403, 404], "excluded_lines": []}, "AsyncDataFrame.except_": {"executed_lines": [], "summary": {"covered_lines": 0, "num_statements": 6, "percent_covered": 0.0, "percent_covered_display": "0.00", "missing_lines": 6, "excluded_lines": 0}, "missing_lines": [408, 409, 410, 411, 412, 413], "excluded_lines": []}, "AsyncDataFrame.cte": {"executed_lines": [], "summary": {"covered_lines": 0, "num_statements": 2, "percent_covered": 0.0, "percent_covered_display": "0.00", "missing_lines": 2, "excluded_lines": 0}, "missing_lines": [424, 425], "excluded_lines": []}, "AsyncDataFrame.distinct": {"executed_lines": [429], "summary": {"covered_lines": 1, "num_statements": 1, "percent_covered": 100.0, "percent_covered_display": "100.00", "missing_lines": 0, "excluded_lines": 0}, "missing_lines": [], "excluded_lines": []}, "AsyncDataFrame.dropDuplicates": {"executed_lines": [], "summary": {"covered_lines": 0, "num_statements": 3, "percent_covered": 0.0, "percent_covered_display": "0.00", "missing_lines": 3, "excluded_lines": 0}, "missing_lines": [433, 434, 436], "excluded_lines": []}, "AsyncDataFrame.withColumn": {"executed_lines": [], "summary": {"covered_lines": 0, "num_statements": 22, "percent_covered": 0.0, "percent_covered_display": "0.00", "missing_lines": 22, "excluded_lines": 0}, "missing_lines": [440, 441, 442, 444, 445, 446, 447, 448, 450, 453, 454, 455, 457, 458, 461, 463, 464, 466, 470, 472, 473, 475], "excluded_lines": []}, "AsyncDataFrame.withColumnRenamed": {"executed_lines": [], "summary": {"covered_lines": 0, "num_statements": 14, "percent_covered": 0.0, "percent_covered_display": "0.00", "missing_lines": 14, "excluded_lines": 0}, "missing_lines": [479, 480, 482, 483, 484, 485, 486, 489, 490, 492, 494, 495, 497, 498], "excluded_lines": []}, "AsyncDataFrame.drop": {"executed_lines": [], "summary": {"covered_lines": 0, "num_statements": 12, "percent_covered": 0.0, "percent_covered_display": "0.00", "missing_lines": 12, "excluded_lines": 0}, "missing_lines": [502, 504, 506, 507, 508, 509, 510, 513, 514, 516, 517, 519], "excluded_lines": []}, "AsyncDataFrame.show": {"executed_lines": [], "summary": {"covered_lines": 0, "num_statements": 21, "percent_covered": 0.0, "percent_covered_display": "0.00", "missing_lines": 21, "excluded_lines": 0}, "missing_lines": [523, 525, 526, 527, 528, 529, 531, 532, 533, 534, 535, 536, 537, 538, 539, 541, 542, 543, 545, 546, 554], "excluded_lines": []}, "AsyncDataFrame.take": {"executed_lines": [], "summary": {"covered_lines": 0, "num_statements": 4, "percent_covered": 0.0, "percent_covered_display": "0.00", "missing_lines": 4, "excluded_lines": 0}, "missing_lines": [558, 559, 560, 561], "excluded_lines": []}, "AsyncDataFrame.first": {"executed_lines": [], "summary": {"covered_lines": 0, "num_statements": 4, "percent_covered": 0.0, "percent_covered_display": "0.00", "missing_lines": 4, "excluded_lines": 0}, "missing_lines": [565, 566, 567, 568], "excluded_lines": []}, "AsyncDataFrame.head": {"executed_lines": [], "summary": {"covered_lines": 0, "num_statements": 4, "percent_covered": 0.0, "percent_covered_display": "0.00", "missing_lines": 4, "excluded_lines": 0}, "missing_lines": [572, 573, 574, 575], "excluded_lines": []}, "AsyncDataFrame.count": {"executed_lines": [], "summary": {"covered_lines": 0, "num_statements": 9, "percent_covered": 0.0, "percent_covered_display": "0.00", "missing_lines": 9, "excluded_lines": 0}, "missing_lines": [579, 581, 582, 583, 584, 585, 586, 587, 588], "excluded_lines": []}, "AsyncDataFrame.describe": {"executed_lines": [], "summary": {"covered_lines": 0, "num_statements": 8, "percent_covered": 0.0, "percent_covered_display": "0.00", "missing_lines": 8, "excluded_lines": 0}, "missing_lines": [592, 594, 595, 597, 598, 599, 600, 609], "excluded_lines": []}, "AsyncDataFrame.summary": {"executed_lines": [], "summary": {"covered_lines": 0, "num_statements": 1, "percent_covered": 0.0, "percent_covered_display": "0.00", "missing_lines": 1, "excluded_lines": 0}, "missing_lines": [613], "excluded_lines": []}, "AsyncDataFrame.fillna": {"executed_lines": [], "summary": {"covered_lines": 0, "num_statements": 14, "percent_covered": 0.0, "percent_covered_display": "0.00", "missing_lines": 14, "excluded_lines": 0}, "missing_lines": [619, 621, 622, 624, 625, 626, 627, 628, 630, 632, 635, 636, 638, 640], "excluded_lines": []}, "AsyncDataFrame.dropna": {"executed_lines": [], "summary": {"covered_lines": 0, "num_statements": 13, "percent_covered": 0.0, "percent_covered_display": "0.00", "missing_lines": 13, "excluded_lines": 0}, "missing_lines": [644, 645, 647, 648, 649, 650, 651, 653, 654, 655, 656, 657, 659], "excluded_lines": []}, "AsyncDataFrame.to_sql": {"executed_lines": [], "summary": {"covered_lines": 0, "num_statements": 5, "percent_covered": 0.0, "percent_covered_display": "0.00", "missing_lines": 5, "excluded_lines": 0}, "missing_lines": [664, 666, 671, 672, 673], "excluded_lines": []}, "AsyncDataFrame.collect": {"executed_lines": [697, 701, 702, 714, 715, 718, 720, 722, 725, 729, 731, 732], "summary": {"covered_lines": 12, "num_statements": 17, "percent_covered": 70.58823529411765, "percent_covered_display": "70.59", "missing_lines": 5, "excluded_lines": 0}, "missing_lines": [698, 705, 707, 711, 723], "excluded_lines": []}, "AsyncDataFrame.collect.stream_gen": {"executed_lines": [726, 727], "summary": {"covered_lines": 2, "num_statements": 2, "percent_covered": 100.0, "percent_covered_display": "100.00", "missing_lines": 0, "excluded_lines": 0}, "missing_lines": [], "excluded_lines": []}, "AsyncDataFrame._materialize_filescan": {"executed_lines": [750, 752, 755, 758, 759, 775, 776, 779, 782, 790, 793, 814, 815, 817, 820, 821, 822, 823, 824, 825, 826, 837], "summary": {"covered_lines": 22, "num_statements": 32, "percent_covered": 68.75, "percent_covered_display": "68.75", "missing_lines": 10, "excluded_lines": 0}, "missing_lines": [753, 761, 766, 772, 828, 829, 830, 832, 833, 834], "excluded_lines": []}, "AsyncDataFrame._read_file": {"executed_lines": [], "summary": {"covered_lines": 0, "num_statements": 21, "percent_covered": 0.0, "percent_covered_display": "0.00", "missing_lines": 21, "excluded_lines": 0}, "missing_lines": [852, 853, 855, 856, 857, 859, 860, 863, 864, 867, 868, 871, 873, 874, 875, 876, 879, 882, 883, 891, 894], "excluded_lines": []}, "AsyncDataFrame._read_file_streaming": {"executed_lines": [909, 912, 913, 914, 916, 917, 920, 921, 924, 925, 928, 930, 931, 936, 939, 940, 950], "summary": {"covered_lines": 17, "num_statements": 21, "percent_covered": 80.95238095238095, "percent_covered_display": "80.95", "missing_lines": 4, "excluded_lines": 0}, "missing_lines": [910, 932, 933, 948], "excluded_lines": []}, "AsyncDataFrame.na": {"executed_lines": [963], "summary": {"covered_lines": 0, "num_statements": 0, "percent_covered": 100.0, "percent_covered_display": "100.00", "missing_lines": 0, "excluded_lines": 10}, "missing_lines": [], "excluded_lines": [954, 955, 956, 957, 958, 959, 960, 961, 962, 963]}, "AsyncDataFrame.write": {"executed_lines": [968, 970], "summary": {"covered_lines": 0, "num_statements": 0, "percent_covered": 100.0, "percent_covered_display": "100.00", "missing_lines": 0, "excluded_lines": 4}, "missing_lines": [], "excluded_lines": [967, 968, 969, 970]}, "AsyncDataFrame.__getattr__": {"executed_lines": [994, 1010, 1012], "summary": {"covered_lines": 3, "num_statements": 9, "percent_covered": 33.333333333333336, "percent_covered_display": "33.33", "missing_lines": 6, "excluded_lines": 0}, "missing_lines": [996, 998, 999, 1003, 1004, 1005], "excluded_lines": []}, "AsyncDataFrame._with_plan": {"executed_lines": [1017], "summary": {"covered_lines": 1, "num_statements": 1, "percent_covered": 100.0, "percent_covered_display": "100.00", "missing_lines": 0, "excluded_lines": 0}, "missing_lines": [], "excluded_lines": []}, "AsyncDataFrame._normalize_projection": {"executed_lines": [1024, 1025, 1026], "summary": {"covered_lines": 3, "num_statements": 3, "percent_covered": 100.0, "percent_covered_display": "100.00", "missing_lines": 0, "excluded_lines": 0}, "missing_lines": [], "excluded_lines": []}, "AsyncDataFrame._normalize_sort_expression": {"executed_lines": [1030, 1031, 1032, 1034], "summary": {"covered_lines": 4, "num_statements": 5, "percent_covered": 80.0, "percent_covered_display": "80.00", "missing_lines": 1, "excluded_lines": 0}, "missing_lines": [1033], "excluded_lines": []}, "AsyncDataFrame._normalize_join_keys": {"executed_lines": [1040, 1042, 1044, 1045], "summary": {"covered_lines": 4, "num_statements": 7, "percent_covered": 57.142857142857146, "percent_covered_display": "57.14", "missing_lines": 3, "excluded_lines": 0}, "missing_lines": [1041, 1043, 1046], "excluded_lines": []}, "AsyncNullHandling.__init__": {"executed_lines": [1056], "summary": {"covered_lines": 1, "num_statements": 1, "percent_covered": 100.0, "percent_covered_display": "100.00", "missing_lines": 0, "excluded_lines": 0}, "missing_lines": [], "excluded_lines": []}, "AsyncNullHandling.drop": {"executed_lines": [], "summary": {"covered_lines": 0, "num_statements": 1, "percent_covered": 0.0, "percent_covered_display": "0.00", "missing_lines": 1, "excluded_lines": 0}, "missing_lines": [1075], "excluded_lines": []}, "AsyncNullHandling.fill": {"executed_lines": [], "summary": {"covered_lines": 0, "num_statements": 1, "percent_covered": 0.0, "percent_covered_display": "0.00", "missing_lines": 1, "excluded_lines": 0}, "missing_lines": [1096], "excluded_lines": []}, "": {"executed_lines": [1, 3, 5, 6, 20, 21, 22, 23, 25, 32, 33, 34, 36, 37, 40, 41, 51, 149, 195, 237, 239, 260, 274, 305, 336, 344, 346, 353, 354, 356, 362, 379, 388, 397, 406, 415, 427, 431, 438, 477, 500, 521, 556, 563, 570, 577, 590, 611, 615, 642, 662, 675, 678, 681, 734, 839, 896, 952, 953, 965, 966, 972, 1015, 1022, 1028, 1036, 1049, 1050, 1055, 1058, 1077], "summary": {"covered_lines": 63, "num_statements": 63, "percent_covered": 100.0, "percent_covered_display": "100.00", "missing_lines": 0, "excluded_lines": 9}, "missing_lines": [], "excluded_lines": [25, 26, 27, 28, 29, 952, 953, 965, 966]}}, "classes": {"AsyncDataFrame": {"executed_lines": [45, 46, 47, 48, 49, 72, 76, 77, 80, 83, 86, 87, 89, 90, 92, 93, 94, 96, 99, 100, 105, 107, 110, 112, 113, 116, 119, 124, 126, 136, 137, 139, 141, 144, 147, 168, 170, 174, 175, 177, 187, 188, 189, 190, 193, 217, 218, 221, 222, 224, 233, 235, 246, 248, 252, 255, 256, 338, 340, 341, 342, 348, 351, 358, 360, 377, 381, 383, 385, 386, 429, 676, 679, 697, 701, 702, 714, 715, 718, 720, 722, 725, 726, 727, 729, 731, 732, 750, 752, 755, 758, 759, 775, 776, 779, 782, 790, 793, 814, 815, 817, 820, 821, 822, 823, 824, 825, 826, 837, 909, 912, 913, 914, 916, 917, 920, 921, 924, 925, 928, 930, 931, 936, 939, 940, 950, 963, 968, 970, 994, 1010, 1012, 1017, 1024, 1025, 1026, 1030, 1031, 1032, 1034, 1040, 1042, 1044, 1045], "summary": {"covered_lines": 141, "num_statements": 390, "percent_covered": 36.15384615384615, "percent_covered_display": "36.15", "missing_lines": 249, "excluded_lines": 14}, "missing_lines": [73, 101, 114, 128, 129, 131, 132, 133, 145, 171, 178, 179, 180, 181, 182, 184, 225, 226, 227, 228, 229, 231, 247, 249, 253, 272, 297, 298, 299, 300, 301, 302, 303, 328, 329, 330, 331, 332, 333, 334, 359, 382, 384, 390, 391, 392, 393, 394, 395, 399, 400, 401, 402, 403, 404, 408, 409, 410, 411, 412, 413, 424, 425, 433, 434, 436, 440, 441, 442, 444, 445, 446, 447, 448, 450, 453, 454, 455, 457, 458, 461, 463, 464, 466, 470, 472, 473, 475, 479, 480, 482, 483, 484, 485, 486, 489, 490, 492, 494, 495, 497, 498, 502, 504, 506, 507, 508, 509, 510, 513, 514, 516, 517, 519, 523, 525, 526, 527, 528, 529, 531, 532, 533, 534, 535, 536, 537, 538, 539, 541, 542, 543, 545, 546, 554, 558, 559, 560, 561, 565, 566, 567, 568, 572, 573, 574, 575, 579, 581, 582, 583, 584, 585, 586, 587, 588, 592, 594, 595, 597, 598, 599, 600, 609, 613, 619, 621, 622, 624, 625, 626, 627, 628, 630, 632, 635, 636, 638, 640, 644, 645, 647, 648, 649, 650, 651, 653, 654, 655, 656, 657, 659, 664, 666, 671, 672, 673, 698, 705, 707, 708, 709, 711, 723, 753, 761, 766, 772, 828, 829, 830, 832, 833, 834, 852, 853, 855, 856, 857, 859, 860, 863, 864, 867, 868, 871, 873, 874, 875, 876, 879, 882, 883, 891, 894, 910, 932, 933, 948, 996, 998, 999, 1003, 1004, 1005, 1033, 1041, 1043, 1046], "excluded_lines": [954, 955, 956, 957, 958, 959, 960, 961, 962, 963, 967, 968, 969, 970]}, "AsyncNullHandling": {"executed_lines": [1056], "summary": {"covered_lines": 1, "num_statements": 3, "percent_covered": 33.333333333333336, "percent_covered_display": "33.33", "missing_lines": 2, "excluded_lines": 0}, "missing_lines": [1075, 1096], "excluded_lines": []}, "": {"executed_lines": [1, 3, 5, 6, 20, 21, 22, 23, 25, 32, 33, 34, 36, 37, 40, 41, 51, 149, 195, 237, 239, 260, 274, 305, 336, 344, 346, 353, 354, 356, 362, 379, 388, 397, 406, 415, 427, 431, 438, 477, 500, 521, 556, 563, 570, 577, 590, 611, 615, 642, 662, 675, 678, 681, 734, 839, 896, 952, 953, 965, 966, 972, 1015, 1022, 1028, 1036, 1049, 1050, 1055, 1058, 1077], "summary": {"covered_lines": 63, "num_statements": 63, "percent_covered": 100.0, "percent_covered_display": "100.00", "missing_lines": 0, "excluded_lines": 9}, "missing_lines": [], "excluded_lines": [25, 26, 27, 28, 29, 952, 953, 965, 966]}}}, "src/moltres/dataframe/async_groupby.py": {"executed_lines": [1, 3, 5, 7, 8, 9, 10, 12, 16, 17, 19, 24, 25, 27, 53, 55, 58, 61, 62, 63, 65, 67, 68, 70, 71, 72, 73, 75, 82, 85, 90, 91, 104, 112, 114, 124, 125, 131, 132, 133, 135, 152, 154, 157, 158, 167, 168, 174, 182, 183, 184, 185, 186, 188, 217, 221, 222, 223, 225, 227, 243, 249, 250, 253, 256, 259, 260, 284, 285, 287, 288, 296, 298, 299, 311, 314, 318, 319, 322, 323, 325, 326, 328, 332, 333, 342, 343, 344, 359, 360, 404, 405, 417, 422], "summary": {"covered_lines": 90, "num_statements": 141, "percent_covered": 63.829787234042556, "percent_covered_display": "63.83", "missing_lines": 51, "excluded_lines": 2}, "missing_lines": [56, 77, 126, 155, 218, 228, 230, 231, 232, 233, 235, 237, 244, 264, 265, 266, 267, 268, 269, 270, 271, 277, 278, 286, 312, 315, 320, 324, 327, 330, 345, 346, 347, 348, 349, 350, 351, 352, 353, 354, 357, 373, 381, 383, 393, 394, 395, 400, 401, 402, 418], "excluded_lines": [12, 13], "functions": {"AsyncGroupedDataFrame.__init__": {"executed_lines": [24, 25], "summary": {"covered_lines": 2, "num_statements": 2, "percent_covered": 100.0, "percent_covered_display": "100.00", "missing_lines": 0, "excluded_lines": 0}, "missing_lines": [], "excluded_lines": []}, "AsyncGroupedDataFrame.agg": {"executed_lines": [53, 55, 58, 61, 62, 63, 65, 67, 68, 70, 71, 72, 73, 75, 82, 85], "summary": {"covered_lines": 16, "num_statements": 18, "percent_covered": 88.88888888888889, "percent_covered_display": "88.89", "missing_lines": 2, "excluded_lines": 0}, "missing_lines": [56, 77], "excluded_lines": []}, "AsyncGroupedDataFrame._create_aggregation_from_string": {"executed_lines": [104, 112, 114, 124, 125, 131, 132, 133], "summary": {"covered_lines": 8, "num_statements": 9, "percent_covered": 88.88888888888889, "percent_covered_display": "88.89", "missing_lines": 1, "excluded_lines": 0}, "missing_lines": [126], "excluded_lines": []}, "AsyncGroupedDataFrame.pivot": {"executed_lines": [152, 154, 157, 158], "summary": {"covered_lines": 4, "num_statements": 5, "percent_covered": 80.0, "percent_covered_display": "80.00", "missing_lines": 1, "excluded_lines": 0}, "missing_lines": [155], "excluded_lines": []}, "AsyncPivotedGroupedDataFrame.__init__": {"executed_lines": [182, 183, 184, 185, 186], "summary": {"covered_lines": 5, "num_statements": 5, "percent_covered": 100.0, "percent_covered_display": "100.00", "missing_lines": 0, "excluded_lines": 0}, "missing_lines": [], "excluded_lines": []}, "AsyncPivotedGroupedDataFrame.agg": {"executed_lines": [217, 221, 222, 223, 225, 227, 243, 249, 250, 253, 256, 259, 260, 284, 285, 287, 288, 296], "summary": {"covered_lines": 18, "num_statements": 38, "percent_covered": 47.36842105263158, "percent_covered_display": "47.37", "missing_lines": 20, "excluded_lines": 0}, "missing_lines": [218, 228, 230, 231, 232, 233, 235, 237, 244, 264, 265, 266, 267, 268, 269, 270, 271, 277, 278, 286], "excluded_lines": []}, "AsyncPivotedGroupedDataFrame._extract_value_column": {"executed_lines": [311, 314, 318, 319, 322, 323, 325, 326, 328], "summary": {"covered_lines": 9, "num_statements": 15, "percent_covered": 60.0, "percent_covered_display": "60.00", "missing_lines": 6, "excluded_lines": 0}, "missing_lines": [312, 315, 320, 324, 327, 330], "excluded_lines": []}, "AsyncPivotedGroupedDataFrame._extract_agg_func": {"executed_lines": [342, 343, 344], "summary": {"covered_lines": 3, "num_statements": 14, "percent_covered": 21.428571428571427, "percent_covered_display": "21.43", "missing_lines": 11, "excluded_lines": 0}, "missing_lines": [345, 346, 347, 348, 349, 350, 351, 352, 353, 354, 357], "excluded_lines": []}, "AsyncPivotedGroupedDataFrame._create_aggregation_from_string": {"executed_lines": [], "summary": {"covered_lines": 0, "num_statements": 9, "percent_covered": 0.0, "percent_covered_display": "0.00", "missing_lines": 9, "excluded_lines": 0}, "missing_lines": [373, 381, 383, 393, 394, 395, 400, 401, 402], "excluded_lines": []}, "AsyncPivotedGroupedDataFrame._validate_aggregation": {"executed_lines": [417, 422], "summary": {"covered_lines": 2, "num_statements": 3, "percent_covered": 66.66666666666667, "percent_covered_display": "66.67", "missing_lines": 1, "excluded_lines": 0}, "missing_lines": [418], "excluded_lines": []}, "": {"executed_lines": [1, 3, 5, 7, 8, 9, 10, 12, 16, 17, 19, 27, 90, 91, 135, 167, 168, 174, 188, 298, 299, 332, 333, 359, 360, 404, 405], "summary": {"covered_lines": 23, "num_statements": 23, "percent_covered": 100.0, "percent_covered_display": "100.00", "missing_lines": 0, "excluded_lines": 2}, "missing_lines": [], "excluded_lines": [12, 13]}}, "classes": {"AsyncGroupedDataFrame": {"executed_lines": [24, 25, 53, 55, 58, 61, 62, 63, 65, 67, 68, 70, 71, 72, 73, 75, 82, 85, 104, 112, 114, 124, 125, 131, 132, 133, 152, 154, 157, 158], "summary": {"covered_lines": 30, "num_statements": 34, "percent_covered": 88.23529411764706, "percent_covered_display": "88.24", "missing_lines": 4, "excluded_lines": 0}, "missing_lines": [56, 77, 126, 155], "excluded_lines": []}, "AsyncPivotedGroupedDataFrame": {"executed_lines": [182, 183, 184, 185, 186, 217, 221, 222, 223, 225, 227, 243, 249, 250, 253, 256, 259, 260, 284, 285, 287, 288, 296, 311, 314, 318, 319, 322, 323, 325, 326, 328, 342, 343, 344, 417, 422], "summary": {"covered_lines": 37, "num_statements": 84, "percent_covered": 44.04761904761905, "percent_covered_display": "44.05", "missing_lines": 47, "excluded_lines": 0}, "missing_lines": [218, 228, 230, 231, 232, 233, 235, 237, 244, 264, 265, 266, 267, 268, 269, 270, 271, 277, 278, 286, 312, 315, 320, 324, 327, 330, 345, 346, 347, 348, 349, 350, 351, 352, 353, 354, 357, 373, 381, 383, 393, 394, 395, 400, 401, 402, 418], "excluded_lines": []}, "": {"executed_lines": [1, 3, 5, 7, 8, 9, 10, 12, 16, 17, 19, 27, 90, 91, 135, 167, 168, 174, 188, 298, 299, 332, 333, 359, 360, 404, 405], "summary": {"covered_lines": 23, "num_statements": 23, "percent_covered": 100.0, "percent_covered_display": "100.00", "missing_lines": 0, "excluded_lines": 2}, "missing_lines": [], "excluded_lines": [12, 13]}}}, "src/moltres/dataframe/async_reader.py": {"executed_lines": [1, 3, 5, 7, 8, 9, 10, 11, 12, 18, 22, 24, 25, 27, 32, 36, 37, 39, 40, 41, 42, 44, 49, 51, 52, 54, 56, 57, 59, 74, 80, 81, 83, 92, 98, 100, 109, 115, 117, 126, 132, 134, 146, 152, 154, 164, 171, 173, 185, 194, 197, 198, 200, 201, 202, 204, 216, 217, 235, 236, 243, 244, 245, 246, 248, 250, 251, 253, 255, 256, 258, 260, 261, 263, 275, 285, 286, 287, 288, 289, 291, 298, 308, 309, 310, 312, 314, 321, 331, 332, 333, 335, 337, 344, 356, 357, 360, 361, 362, 364, 366, 373, 384, 385, 386, 390, 392, 399, 410, 413, 414, 420, 421, 422, 423, 425, 426, 428, 431, 436, 441, 443, 444, 446, 462, 475, 477, 486, 488, 497, 499, 510, 524, 536, 548, 557], "summary": {"covered_lines": 127, "num_statements": 163, "percent_covered": 77.91411042944786, "percent_covered_display": "77.91", "missing_lines": 36, "excluded_lines": 6}, "missing_lines": [28, 29, 46, 47, 71, 72, 183, 218, 219, 220, 221, 222, 223, 224, 225, 228, 229, 230, 232, 272, 273, 311, 334, 358, 363, 387, 433, 434, 438, 439, 458, 459, 508, 522, 534, 546], "excluded_lines": [32, 33, 425, 426, 427, 428], "functions": {"_get_parquet_readers": {"executed_lines": [24, 25, 27], "summary": {"covered_lines": 3, "num_statements": 5, "percent_covered": 60.0, "percent_covered_display": "60.00", "missing_lines": 2, "excluded_lines": 0}, "missing_lines": [28, 29], "excluded_lines": []}, "AsyncDataLoader.__init__": {"executed_lines": [40, 41, 42], "summary": {"covered_lines": 3, "num_statements": 3, "percent_covered": 100.0, "percent_covered_display": "100.00", "missing_lines": 0, "excluded_lines": 0}, "missing_lines": [], "excluded_lines": []}, "AsyncDataLoader.stream": {"executed_lines": [], "summary": {"covered_lines": 0, "num_statements": 2, "percent_covered": 0.0, "percent_covered_display": "0.00", "missing_lines": 2, "excluded_lines": 0}, "missing_lines": [46, 47], "excluded_lines": []}, "AsyncDataLoader.schema": {"executed_lines": [51, 52], "summary": {"covered_lines": 2, "num_statements": 2, "percent_covered": 100.0, "percent_covered_display": "100.00", "missing_lines": 0, "excluded_lines": 0}, "missing_lines": [], "excluded_lines": []}, "AsyncDataLoader.option": {"executed_lines": [56, 57], "summary": {"covered_lines": 2, "num_statements": 2, "percent_covered": 100.0, "percent_covered_display": "100.00", "missing_lines": 0, "excluded_lines": 0}, "missing_lines": [], "excluded_lines": []}, "AsyncDataLoader.options": {"executed_lines": [], "summary": {"covered_lines": 0, "num_statements": 2, "percent_covered": 0.0, "percent_covered_display": "0.00", "missing_lines": 2, "excluded_lines": 0}, "missing_lines": [71, 72], "excluded_lines": []}, "AsyncDataLoader.table": {"executed_lines": [80, 81], "summary": {"covered_lines": 2, "num_statements": 2, "percent_covered": 100.0, "percent_covered_display": "100.00", "missing_lines": 0, "excluded_lines": 0}, "missing_lines": [], "excluded_lines": []}, "AsyncDataLoader.csv": {"executed_lines": [92, 98], "summary": {"covered_lines": 2, "num_statements": 2, "percent_covered": 100.0, "percent_covered_display": "100.00", "missing_lines": 0, "excluded_lines": 0}, "missing_lines": [], "excluded_lines": []}, "AsyncDataLoader.json": {"executed_lines": [109, 115], "summary": {"covered_lines": 2, "num_statements": 2, "percent_covered": 100.0, "percent_covered_display": "100.00", "missing_lines": 0, "excluded_lines": 0}, "missing_lines": [], "excluded_lines": []}, "AsyncDataLoader.jsonl": {"executed_lines": [126, 132], "summary": {"covered_lines": 2, "num_statements": 2, "percent_covered": 100.0, "percent_covered_display": "100.00", "missing_lines": 0, "excluded_lines": 0}, "missing_lines": [], "excluded_lines": []}, "AsyncDataLoader.parquet": {"executed_lines": [146, 152], "summary": {"covered_lines": 2, "num_statements": 2, "percent_covered": 100.0, "percent_covered_display": "100.00", "missing_lines": 0, "excluded_lines": 0}, "missing_lines": [], "excluded_lines": []}, "AsyncDataLoader.text": {"executed_lines": [164, 171], "summary": {"covered_lines": 2, "num_statements": 2, "percent_covered": 100.0, "percent_covered_display": "100.00", "missing_lines": 0, "excluded_lines": 0}, "missing_lines": [], "excluded_lines": []}, "AsyncDataLoader.textFile": {"executed_lines": [], "summary": {"covered_lines": 0, "num_statements": 1, "percent_covered": 0.0, "percent_covered_display": "0.00", "missing_lines": 1, "excluded_lines": 0}, "missing_lines": [183], "excluded_lines": []}, "AsyncDataLoader.format": {"executed_lines": [194], "summary": {"covered_lines": 1, "num_statements": 1, "percent_covered": 100.0, "percent_covered_display": "100.00", "missing_lines": 0, "excluded_lines": 0}, "missing_lines": [], "excluded_lines": []}, "AsyncFormatReader.__init__": {"executed_lines": [201, 202], "summary": {"covered_lines": 2, "num_statements": 2, "percent_covered": 100.0, "percent_covered_display": "100.00", "missing_lines": 0, "excluded_lines": 0}, "missing_lines": [], "excluded_lines": []}, "AsyncFormatReader.load": {"executed_lines": [216, 217], "summary": {"covered_lines": 2, "num_statements": 14, "percent_covered": 14.285714285714286, "percent_covered_display": "14.29", "missing_lines": 12, "excluded_lines": 0}, "missing_lines": [218, 219, 220, 221, 222, 223, 224, 225, 228, 229, 230, 232], "excluded_lines": []}, "AsyncRecordsLoader.__init__": {"executed_lines": [244, 245, 246], "summary": {"covered_lines": 3, "num_statements": 3, "percent_covered": 100.0, "percent_covered_display": "100.00", "missing_lines": 0, "excluded_lines": 0}, "missing_lines": [], "excluded_lines": []}, "AsyncRecordsLoader.stream": {"executed_lines": [250, 251], "summary": {"covered_lines": 2, "num_statements": 2, "percent_covered": 100.0, "percent_covered_display": "100.00", "missing_lines": 0, "excluded_lines": 0}, "missing_lines": [], "excluded_lines": []}, "AsyncRecordsLoader.schema": {"executed_lines": [255, 256], "summary": {"covered_lines": 2, "num_statements": 2, "percent_covered": 100.0, "percent_covered_display": "100.00", "missing_lines": 0, "excluded_lines": 0}, "missing_lines": [], "excluded_lines": []}, "AsyncRecordsLoader.option": {"executed_lines": [260, 261], "summary": {"covered_lines": 2, "num_statements": 2, "percent_covered": 100.0, "percent_covered_display": "100.00", "missing_lines": 0, "excluded_lines": 0}, "missing_lines": [], "excluded_lines": []}, "AsyncRecordsLoader.options": {"executed_lines": [], "summary": {"covered_lines": 0, "num_statements": 2, "percent_covered": 0.0, "percent_covered_display": "0.00", "missing_lines": 2, "excluded_lines": 0}, "missing_lines": [272, 273], "excluded_lines": []}, "AsyncRecordsLoader.csv": {"executed_lines": [285, 291], "summary": {"covered_lines": 2, "num_statements": 2, "percent_covered": 100.0, "percent_covered_display": "100.00", "missing_lines": 0, "excluded_lines": 0}, "missing_lines": [], "excluded_lines": []}, "AsyncRecordsLoader.csv.read_func": {"executed_lines": [286, 287, 288, 289], "summary": {"covered_lines": 4, "num_statements": 4, "percent_covered": 100.0, "percent_covered_display": "100.00", "missing_lines": 0, "excluded_lines": 0}, "missing_lines": [], "excluded_lines": []}, "AsyncRecordsLoader.json": {"executed_lines": [308, 314], "summary": {"covered_lines": 2, "num_statements": 2, "percent_covered": 100.0, "percent_covered_display": "100.00", "missing_lines": 0, "excluded_lines": 0}, "missing_lines": [], "excluded_lines": []}, "AsyncRecordsLoader.json.read_func": {"executed_lines": [309, 310, 312], "summary": {"covered_lines": 3, "num_statements": 4, "percent_covered": 75.0, "percent_covered_display": "75.00", "missing_lines": 1, "excluded_lines": 0}, "missing_lines": [311], "excluded_lines": []}, "AsyncRecordsLoader.jsonl": {"executed_lines": [331, 337], "summary": {"covered_lines": 2, "num_statements": 2, "percent_covered": 100.0, "percent_covered_display": "100.00", "missing_lines": 0, "excluded_lines": 0}, "missing_lines": [], "excluded_lines": []}, "AsyncRecordsLoader.jsonl.read_func": {"executed_lines": [332, 333, 335], "summary": {"covered_lines": 3, "num_statements": 4, "percent_covered": 75.0, "percent_covered_display": "75.00", "missing_lines": 1, "excluded_lines": 0}, "missing_lines": [334], "excluded_lines": []}, "AsyncRecordsLoader.parquet": {"executed_lines": [356, 357, 360, 366], "summary": {"covered_lines": 4, "num_statements": 5, "percent_covered": 80.0, "percent_covered_display": "80.00", "missing_lines": 1, "excluded_lines": 0}, "missing_lines": [358], "excluded_lines": []}, "AsyncRecordsLoader.parquet.read_func": {"executed_lines": [361, 362, 364], "summary": {"covered_lines": 3, "num_statements": 4, "percent_covered": 75.0, "percent_covered_display": "75.00", "missing_lines": 1, "excluded_lines": 0}, "missing_lines": [363], "excluded_lines": []}, "AsyncRecordsLoader.text": {"executed_lines": [384, 392], "summary": {"covered_lines": 2, "num_statements": 2, "percent_covered": 100.0, "percent_covered_display": "100.00", "missing_lines": 0, "excluded_lines": 0}, "missing_lines": [], "excluded_lines": []}, "AsyncRecordsLoader.text.read_func": {"executed_lines": [385, 386, 390], "summary": {"covered_lines": 3, "num_statements": 4, "percent_covered": 75.0, "percent_covered_display": "75.00", "missing_lines": 1, "excluded_lines": 0}, "missing_lines": [387], "excluded_lines": []}, "AsyncRecordsLoader.dicts": {"executed_lines": [410], "summary": {"covered_lines": 1, "num_statements": 1, "percent_covered": 100.0, "percent_covered_display": "100.00", "missing_lines": 0, "excluded_lines": 0}, "missing_lines": [], "excluded_lines": []}, "AsyncReadAccessor.__init__": {"executed_lines": [421, 422, 423], "summary": {"covered_lines": 3, "num_statements": 3, "percent_covered": 100.0, "percent_covered_display": "100.00", "missing_lines": 0, "excluded_lines": 0}, "missing_lines": [], "excluded_lines": []}, "AsyncReadAccessor.records": {"executed_lines": [428], "summary": {"covered_lines": 0, "num_statements": 0, "percent_covered": 100.0, "percent_covered_display": "100.00", "missing_lines": 0, "excluded_lines": 2}, "missing_lines": [], "excluded_lines": [427, 428]}, "AsyncReadAccessor.stream": {"executed_lines": [], "summary": {"covered_lines": 0, "num_statements": 2, "percent_covered": 0.0, "percent_covered_display": "0.00", "missing_lines": 2, "excluded_lines": 0}, "missing_lines": [433, 434], "excluded_lines": []}, "AsyncReadAccessor.schema": {"executed_lines": [], "summary": {"covered_lines": 0, "num_statements": 2, "percent_covered": 0.0, "percent_covered_display": "0.00", "missing_lines": 2, "excluded_lines": 0}, "missing_lines": [438, 439], "excluded_lines": []}, "AsyncReadAccessor.option": {"executed_lines": [443, 444], "summary": {"covered_lines": 2, "num_statements": 2, "percent_covered": 100.0, "percent_covered_display": "100.00", "missing_lines": 0, "excluded_lines": 0}, "missing_lines": [], "excluded_lines": []}, "AsyncReadAccessor.options": {"executed_lines": [], "summary": {"covered_lines": 0, "num_statements": 2, "percent_covered": 0.0, "percent_covered_display": "0.00", "missing_lines": 2, "excluded_lines": 0}, "missing_lines": [458, 459], "excluded_lines": []}, "AsyncReadAccessor.table": {"executed_lines": [475], "summary": {"covered_lines": 1, "num_statements": 1, "percent_covered": 100.0, "percent_covered_display": "100.00", "missing_lines": 0, "excluded_lines": 0}, "missing_lines": [], "excluded_lines": []}, "AsyncReadAccessor.csv": {"executed_lines": [486], "summary": {"covered_lines": 1, "num_statements": 1, "percent_covered": 100.0, "percent_covered_display": "100.00", "missing_lines": 0, "excluded_lines": 0}, "missing_lines": [], "excluded_lines": []}, "AsyncReadAccessor.json": {"executed_lines": [497], "summary": {"covered_lines": 1, "num_statements": 1, "percent_covered": 100.0, "percent_covered_display": "100.00", "missing_lines": 0, "excluded_lines": 0}, "missing_lines": [], "excluded_lines": []}, "AsyncReadAccessor.jsonl": {"executed_lines": [], "summary": {"covered_lines": 0, "num_statements": 1, "percent_covered": 0.0, "percent_covered_display": "0.00", "missing_lines": 1, "excluded_lines": 0}, "missing_lines": [508], "excluded_lines": []}, "AsyncReadAccessor.parquet": {"executed_lines": [], "summary": {"covered_lines": 0, "num_statements": 1, "percent_covered": 0.0, "percent_covered_display": "0.00", "missing_lines": 1, "excluded_lines": 0}, "missing_lines": [522], "excluded_lines": []}, "AsyncReadAccessor.text": {"executed_lines": [], "summary": {"covered_lines": 0, "num_statements": 1, "percent_covered": 0.0, "percent_covered_display": "0.00", "missing_lines": 1, "excluded_lines": 0}, "missing_lines": [534], "excluded_lines": []}, "AsyncReadAccessor.textFile": {"executed_lines": [], "summary": {"covered_lines": 0, "num_statements": 1, "percent_covered": 0.0, "percent_covered_display": "0.00", "missing_lines": 1, "excluded_lines": 0}, "missing_lines": [546], "excluded_lines": []}, "AsyncReadAccessor.format": {"executed_lines": [557], "summary": {"covered_lines": 1, "num_statements": 1, "percent_covered": 100.0, "percent_covered_display": "100.00", "missing_lines": 0, "excluded_lines": 0}, "missing_lines": [], "excluded_lines": []}, "": {"executed_lines": [1, 3, 5, 7, 8, 9, 10, 11, 12, 18, 22, 32, 36, 37, 39, 44, 49, 54, 59, 74, 83, 100, 117, 134, 154, 173, 185, 197, 198, 200, 204, 235, 236, 243, 248, 253, 258, 263, 275, 298, 321, 344, 373, 399, 413, 414, 420, 425, 426, 431, 436, 441, 446, 462, 477, 488, 499, 510, 524, 536, 548], "summary": {"covered_lines": 53, "num_statements": 53, "percent_covered": 100.0, "percent_covered_display": "100.00", "missing_lines": 0, "excluded_lines": 4}, "missing_lines": [], "excluded_lines": [32, 33, 425, 426]}}, "classes": {"AsyncDataLoader": {"executed_lines": [40, 41, 42, 51, 52, 56, 57, 80, 81, 92, 98, 109, 115, 126, 132, 146, 152, 164, 171, 194], "summary": {"covered_lines": 20, "num_statements": 25, "percent_covered": 80.0, "percent_covered_display": "80.00", "missing_lines": 5, "excluded_lines": 0}, "missing_lines": [46, 47, 71, 72, 183], "excluded_lines": []}, "AsyncFormatReader": {"executed_lines": [201, 202, 216, 217], "summary": {"covered_lines": 4, "num_statements": 16, "percent_covered": 25.0, "percent_covered_display": "25.00", "missing_lines": 12, "excluded_lines": 0}, "missing_lines": [218, 219, 220, 221, 222, 223, 224, 225, 228, 229, 230, 232], "excluded_lines": []}, "AsyncRecordsLoader": {"executed_lines": [244, 245, 246, 250, 251, 255, 256, 260, 261, 285, 286, 287, 288, 289, 291, 308, 309, 310, 312, 314, 331, 332, 333, 335, 337, 356, 357, 360, 361, 362, 364, 366, 384, 385, 386, 390, 392, 410], "summary": {"covered_lines": 38, "num_statements": 45, "percent_covered": 84.44444444444444, "percent_covered_display": "84.44", "missing_lines": 7, "excluded_lines": 0}, "missing_lines": [272, 273, 311, 334, 358, 363, 387], "excluded_lines": []}, "AsyncReadAccessor": {"executed_lines": [421, 422, 423, 428, 443, 444, 475, 486, 497, 557], "summary": {"covered_lines": 9, "num_statements": 19, "percent_covered": 47.36842105263158, "percent_covered_display": "47.37", "missing_lines": 10, "excluded_lines": 2}, "missing_lines": [433, 434, 438, 439, 458, 459, 508, 522, 534, 546], "excluded_lines": [427, 428]}, "": {"executed_lines": [1, 3, 5, 7, 8, 9, 10, 11, 12, 18, 22, 24, 25, 27, 32, 36, 37, 39, 44, 49, 54, 59, 74, 83, 100, 117, 134, 154, 173, 185, 197, 198, 200, 204, 235, 236, 243, 248, 253, 258, 263, 275, 298, 321, 344, 373, 399, 413, 414, 420, 425, 426, 431, 436, 441, 446, 462, 477, 488, 499, 510, 524, 536, 548], "summary": {"covered_lines": 56, "num_statements": 58, "percent_covered": 96.55172413793103, "percent_covered_display": "96.55", "missing_lines": 2, "excluded_lines": 4}, "missing_lines": [28, 29], "excluded_lines": [32, 33, 425, 426]}}}, "src/moltres/dataframe/async_writer.py": {"executed_lines": [1, 3, 5, 6, 7, 8, 20, 21, 27, 28, 29, 30, 32, 36, 37, 39, 40, 41, 42, 43, 44, 45, 46, 47, 48, 49, 50, 52, 67, 72, 83, 88, 93, 98, 100, 105, 117, 119, 128, 130, 137, 139, 156, 158, 160, 163, 164, 169, 175, 176, 178, 179, 180, 181, 182, 183, 184, 186, 190, 192, 212, 215, 216, 220, 223, 224, 226, 244, 247, 248, 252, 255, 256, 258, 295, 299, 303, 307, 311, 317, 321, 351, 423, 437, 443, 445, 447, 449, 453, 454, 455, 456, 459, 463, 470, 483, 557, 636, 639, 640, 642, 644, 645, 648, 652, 705, 745, 778, 801, 836], "summary": {"covered_lines": 107, "num_statements": 494, "percent_covered": 21.65991902834008, "percent_covered_display": "21.66", "missing_lines": 387, "excluded_lines": 12}, "missing_lines": [22, 23, 54, 55, 56, 57, 58, 59, 60, 61, 64, 65, 69, 70, 74, 75, 76, 77, 78, 79, 80, 81, 85, 86, 90, 91, 95, 96, 102, 103, 114, 115, 121, 122, 123, 124, 125, 126, 132, 133, 134, 135, 147, 148, 151, 152, 153, 154, 161, 165, 185, 187, 188, 213, 217, 245, 249, 260, 261, 263, 264, 271, 272, 273, 277, 278, 279, 280, 281, 282, 283, 284, 285, 286, 287, 288, 291, 297, 301, 305, 309, 319, 328, 329, 332, 333, 337, 338, 342, 343, 345, 346, 347, 349, 357, 358, 360, 361, 364, 368, 369, 373, 374, 375, 378, 379, 380, 381, 383, 384, 387, 391, 392, 394, 395, 396, 397, 398, 399, 402, 404, 405, 406, 408, 410, 411, 414, 419, 421, 425, 426, 427, 428, 429, 430, 431, 432, 433, 434, 435, 439, 440, 441, 446, 457, 458, 460, 461, 465, 472, 473, 474, 475, 476, 477, 478, 480, 481, 485, 486, 488, 489, 490, 491, 494, 495, 497, 498, 499, 500, 506, 507, 519, 522, 523, 524, 525, 526, 527, 528, 529, 530, 531, 532, 534, 537, 539, 542, 545, 547, 555, 559, 560, 562, 563, 564, 565, 568, 570, 575, 576, 577, 578, 581, 583, 585, 588, 591, 592, 595, 596, 599, 600, 601, 603, 604, 608, 611, 613, 614, 615, 616, 619, 620, 623, 624, 625, 627, 628, 629, 630, 631, 633, 634, 649, 650, 656, 657, 659, 660, 661, 663, 665, 666, 680, 682, 683, 684, 685, 691, 692, 703, 707, 708, 710, 711, 713, 714, 715, 716, 718, 719, 720, 721, 722, 723, 724, 725, 726, 727, 728, 729, 730, 731, 732, 734, 735, 736, 737, 738, 739, 740, 741, 742, 743, 747, 748, 751, 752, 753, 754, 755, 756, 758, 759, 760, 761, 762, 763, 764, 765, 766, 768, 769, 770, 771, 773, 774, 775, 776, 780, 781, 784, 785, 786, 787, 789, 790, 791, 792, 793, 794, 796, 797, 798, 799, 803, 804, 806, 807, 808, 810, 811, 812, 813, 815, 816, 817, 818, 819, 820, 821, 824, 825, 827, 828, 829, 830, 831, 834, 838, 839, 841, 842, 843, 844, 848, 849, 850, 851, 852, 856, 857, 859, 860, 861, 862, 864, 865, 866, 867, 868, 869, 870, 872, 873, 876, 877, 878, 879, 880, 881, 883, 884, 885, 886, 887], "excluded_lines": [32, 33, 170, 289, 313, 466, 571, 709, 749, 782, 805, 840], "functions": {"AsyncDataFrameWriter.__init__": {"executed_lines": [40, 41, 42, 43, 44, 45, 46, 47, 48, 49, 50], "summary": {"covered_lines": 11, "num_statements": 11, "percent_covered": 100.0, "percent_covered_display": "100.00", "missing_lines": 0, "excluded_lines": 0}, "missing_lines": [], "excluded_lines": []}, "AsyncDataFrameWriter.mode": {"executed_lines": [], "summary": {"covered_lines": 0, "num_statements": 10, "percent_covered": 0.0, "percent_covered_display": "0.00", "missing_lines": 10, "excluded_lines": 0}, "missing_lines": [54, 55, 56, 57, 58, 59, 60, 61, 64, 65], "excluded_lines": []}, "AsyncDataFrameWriter.option": {"executed_lines": [], "summary": {"covered_lines": 0, "num_statements": 2, "percent_covered": 0.0, "percent_covered_display": "0.00", "missing_lines": 2, "excluded_lines": 0}, "missing_lines": [69, 70], "excluded_lines": []}, "AsyncDataFrameWriter.options": {"executed_lines": [], "summary": {"covered_lines": 0, "num_statements": 8, "percent_covered": 0.0, "percent_covered_display": "0.00", "missing_lines": 8, "excluded_lines": 0}, "missing_lines": [74, 75, 76, 77, 78, 79, 80, 81], "excluded_lines": []}, "AsyncDataFrameWriter.format": {"executed_lines": [], "summary": {"covered_lines": 0, "num_statements": 2, "percent_covered": 0.0, "percent_covered_display": "0.00", "missing_lines": 2, "excluded_lines": 0}, "missing_lines": [85, 86], "excluded_lines": []}, "AsyncDataFrameWriter.stream": {"executed_lines": [], "summary": {"covered_lines": 0, "num_statements": 2, "percent_covered": 0.0, "percent_covered_display": "0.00", "missing_lines": 2, "excluded_lines": 0}, "missing_lines": [90, 91], "excluded_lines": []}, "AsyncDataFrameWriter.partitionBy": {"executed_lines": [], "summary": {"covered_lines": 0, "num_statements": 2, "percent_covered": 0.0, "percent_covered_display": "0.00", "missing_lines": 2, "excluded_lines": 0}, "missing_lines": [95, 96], "excluded_lines": []}, "AsyncDataFrameWriter.schema": {"executed_lines": [], "summary": {"covered_lines": 0, "num_statements": 2, "percent_covered": 0.0, "percent_covered_display": "0.00", "missing_lines": 2, "excluded_lines": 0}, "missing_lines": [102, 103], "excluded_lines": []}, "AsyncDataFrameWriter.primaryKey": {"executed_lines": [], "summary": {"covered_lines": 0, "num_statements": 2, "percent_covered": 0.0, "percent_covered_display": "0.00", "missing_lines": 2, "excluded_lines": 0}, "missing_lines": [114, 115], "excluded_lines": []}, "AsyncDataFrameWriter.bucketBy": {"executed_lines": [], "summary": {"covered_lines": 0, "num_statements": 6, "percent_covered": 0.0, "percent_covered_display": "0.00", "missing_lines": 6, "excluded_lines": 0}, "missing_lines": [121, 122, 123, 124, 125, 126], "excluded_lines": []}, "AsyncDataFrameWriter.sortBy": {"executed_lines": [], "summary": {"covered_lines": 0, "num_statements": 4, "percent_covered": 0.0, "percent_covered_display": "0.00", "missing_lines": 4, "excluded_lines": 0}, "missing_lines": [132, 133, 134, 135], "excluded_lines": []}, "AsyncDataFrameWriter.save_as_table": {"executed_lines": [], "summary": {"covered_lines": 0, "num_statements": 6, "percent_covered": 0.0, "percent_covered_display": "0.00", "missing_lines": 6, "excluded_lines": 0}, "missing_lines": [147, 148, 151, 152, 153, 154], "excluded_lines": []}, "AsyncDataFrameWriter.insertInto": {"executed_lines": [160, 163, 164, 169, 175, 176, 178, 179, 180, 181, 182, 183, 184, 186], "summary": {"covered_lines": 14, "num_statements": 19, "percent_covered": 73.6842105263158, "percent_covered_display": "73.68", "missing_lines": 5, "excluded_lines": 1}, "missing_lines": [161, 165, 185, 187, 188], "excluded_lines": [170]}, "AsyncDataFrameWriter.update": {"executed_lines": [212, 215, 216, 220, 223, 224], "summary": {"covered_lines": 6, "num_statements": 8, "percent_covered": 75.0, "percent_covered_display": "75.00", "missing_lines": 2, "excluded_lines": 0}, "missing_lines": [213, 217], "excluded_lines": []}, "AsyncDataFrameWriter.delete": {"executed_lines": [244, 247, 248, 252, 255, 256], "summary": {"covered_lines": 6, "num_statements": 8, "percent_covered": 75.0, "percent_covered_display": "75.00", "missing_lines": 2, "excluded_lines": 0}, "missing_lines": [245, 249], "excluded_lines": []}, "AsyncDataFrameWriter.save": {"executed_lines": [], "summary": {"covered_lines": 0, "num_statements": 20, "percent_covered": 0.0, "percent_covered_display": "0.00", "missing_lines": 20, "excluded_lines": 1}, "missing_lines": [260, 261, 263, 264, 271, 272, 273, 277, 278, 279, 280, 281, 282, 283, 284, 285, 286, 287, 288, 291], "excluded_lines": [289]}, "AsyncDataFrameWriter.csv": {"executed_lines": [], "summary": {"covered_lines": 0, "num_statements": 1, "percent_covered": 0.0, "percent_covered_display": "0.00", "missing_lines": 1, "excluded_lines": 0}, "missing_lines": [297], "excluded_lines": []}, "AsyncDataFrameWriter.json": {"executed_lines": [], "summary": {"covered_lines": 0, "num_statements": 1, "percent_covered": 0.0, "percent_covered_display": "0.00", "missing_lines": 1, "excluded_lines": 0}, "missing_lines": [301], "excluded_lines": []}, "AsyncDataFrameWriter.jsonl": {"executed_lines": [], "summary": {"covered_lines": 0, "num_statements": 1, "percent_covered": 0.0, "percent_covered_display": "0.00", "missing_lines": 1, "excluded_lines": 0}, "missing_lines": [305], "excluded_lines": []}, "AsyncDataFrameWriter.text": {"executed_lines": [], "summary": {"covered_lines": 0, "num_statements": 1, "percent_covered": 0.0, "percent_covered_display": "0.00", "missing_lines": 1, "excluded_lines": 0}, "missing_lines": [309], "excluded_lines": []}, "AsyncDataFrameWriter.orc": {"executed_lines": [], "summary": {"covered_lines": 0, "num_statements": 0, "percent_covered": 100.0, "percent_covered_display": "100.00", "missing_lines": 0, "excluded_lines": 1}, "missing_lines": [], "excluded_lines": [313]}, "AsyncDataFrameWriter.parquet": {"executed_lines": [], "summary": {"covered_lines": 0, "num_statements": 1, "percent_covered": 0.0, "percent_covered_display": "0.00", "missing_lines": 1, "excluded_lines": 0}, "missing_lines": [319], "excluded_lines": []}, "AsyncDataFrameWriter._can_use_insert_select": {"executed_lines": [], "summary": {"covered_lines": 0, "num_statements": 12, "percent_covered": 0.0, "percent_covered_display": "0.00", "missing_lines": 12, "excluded_lines": 0}, "missing_lines": [328, 329, 332, 333, 337, 338, 342, 343, 345, 346, 347, 349], "excluded_lines": []}, "AsyncDataFrameWriter._infer_schema_from_plan": {"executed_lines": [], "summary": {"covered_lines": 0, "num_statements": 35, "percent_covered": 0.0, "percent_covered_display": "0.00", "missing_lines": 35, "excluded_lines": 0}, "missing_lines": [357, 358, 360, 361, 364, 368, 369, 373, 374, 375, 378, 379, 380, 381, 383, 384, 387, 391, 392, 394, 395, 396, 397, 398, 399, 402, 404, 405, 406, 408, 410, 411, 414, 419, 421], "excluded_lines": []}, "AsyncDataFrameWriter._infer_type_from_value": {"executed_lines": [], "summary": {"covered_lines": 0, "num_statements": 11, "percent_covered": 0.0, "percent_covered_display": "0.00", "missing_lines": 11, "excluded_lines": 0}, "missing_lines": [425, 426, 427, 428, 429, 430, 431, 432, 433, 434, 435], "excluded_lines": []}, "AsyncDataFrameWriter._should_stream_output": {"executed_lines": [], "summary": {"covered_lines": 0, "num_statements": 3, "percent_covered": 0.0, "percent_covered_display": "0.00", "missing_lines": 3, "excluded_lines": 0}, "missing_lines": [439, 440, 441], "excluded_lines": []}, "AsyncDataFrameWriter._should_stream_materialization": {"executed_lines": [445, 447], "summary": {"covered_lines": 2, "num_statements": 3, "percent_covered": 66.66666666666667, "percent_covered_display": "66.67", "missing_lines": 1, "excluded_lines": 0}, "missing_lines": [446], "excluded_lines": []}, "AsyncDataFrameWriter._collect_rows": {"executed_lines": [453, 454, 455, 456, 459], "summary": {"covered_lines": 5, "num_statements": 9, "percent_covered": 55.55555555555556, "percent_covered_display": "55.56", "missing_lines": 4, "excluded_lines": 0}, "missing_lines": [457, 458, 460, 461], "excluded_lines": []}, "AsyncDataFrameWriter._ensure_file_layout_supported": {"executed_lines": [], "summary": {"covered_lines": 0, "num_statements": 1, "percent_covered": 0.0, "percent_covered_display": "0.00", "missing_lines": 1, "excluded_lines": 1}, "missing_lines": [465], "excluded_lines": [466]}, "AsyncDataFrameWriter._prepare_file_target": {"executed_lines": [], "summary": {"covered_lines": 0, "num_statements": 9, "percent_covered": 0.0, "percent_covered_display": "0.00", "missing_lines": 9, "excluded_lines": 0}, "missing_lines": [472, 473, 474, 475, 476, 477, 478, 480, 481], "excluded_lines": []}, "AsyncDataFrameWriter._execute_insert_select": {"executed_lines": [], "summary": {"covered_lines": 0, "num_statements": 33, "percent_covered": 0.0, "percent_covered_display": "0.00", "missing_lines": 33, "excluded_lines": 0}, "missing_lines": [485, 486, 488, 489, 490, 491, 494, 495, 497, 498, 499, 500, 506, 507, 519, 522, 523, 524, 525, 526, 527, 528, 529, 530, 531, 532, 534, 537, 539, 542, 545, 547, 555], "excluded_lines": []}, "AsyncDataFrameWriter._execute_write": {"executed_lines": [], "summary": {"covered_lines": 0, "num_statements": 43, "percent_covered": 0.0, "percent_covered_display": "0.00", "missing_lines": 43, "excluded_lines": 1}, "missing_lines": [559, 560, 562, 563, 564, 565, 568, 570, 575, 576, 577, 578, 581, 583, 585, 588, 591, 592, 595, 596, 599, 600, 601, 603, 604, 608, 611, 613, 614, 615, 616, 619, 620, 623, 624, 625, 627, 628, 629, 630, 631, 633, 634], "excluded_lines": [571]}, "AsyncDataFrameWriter._table_exists": {"executed_lines": [639, 640, 642, 644, 645, 648], "summary": {"covered_lines": 6, "num_statements": 8, "percent_covered": 75.0, "percent_covered_display": "75.00", "missing_lines": 2, "excluded_lines": 0}, "missing_lines": [649, 650], "excluded_lines": []}, "AsyncDataFrameWriter._infer_or_get_schema": {"executed_lines": [], "summary": {"covered_lines": 0, "num_statements": 16, "percent_covered": 0.0, "percent_covered_display": "0.00", "missing_lines": 16, "excluded_lines": 0}, "missing_lines": [656, 657, 659, 660, 661, 663, 665, 666, 680, 682, 683, 684, 685, 691, 692, 703], "excluded_lines": []}, "AsyncDataFrameWriter._save_csv": {"executed_lines": [], "summary": {"covered_lines": 0, "num_statements": 33, "percent_covered": 0.0, "percent_covered_display": "0.00", "missing_lines": 33, "excluded_lines": 1}, "missing_lines": [707, 708, 710, 711, 713, 714, 715, 716, 718, 719, 720, 721, 722, 723, 724, 725, 726, 727, 728, 729, 730, 731, 732, 734, 735, 736, 737, 738, 739, 740, 741, 742, 743], "excluded_lines": [709]}, "AsyncDataFrameWriter._save_json": {"executed_lines": [], "summary": {"covered_lines": 0, "num_statements": 25, "percent_covered": 0.0, "percent_covered_display": "0.00", "missing_lines": 25, "excluded_lines": 1}, "missing_lines": [747, 748, 751, 752, 753, 754, 755, 756, 758, 759, 760, 761, 762, 763, 764, 765, 766, 768, 769, 770, 771, 773, 774, 775, 776], "excluded_lines": [749]}, "AsyncDataFrameWriter._save_jsonl": {"executed_lines": [], "summary": {"covered_lines": 0, "num_statements": 16, "percent_covered": 0.0, "percent_covered_display": "0.00", "missing_lines": 16, "excluded_lines": 1}, "missing_lines": [780, 781, 784, 785, 786, 787, 789, 790, 791, 792, 793, 794, 796, 797, 798, 799], "excluded_lines": [782]}, "AsyncDataFrameWriter._save_text": {"executed_lines": [], "summary": {"covered_lines": 0, "num_statements": 24, "percent_covered": 0.0, "percent_covered_display": "0.00", "missing_lines": 24, "excluded_lines": 1}, "missing_lines": [803, 804, 806, 807, 808, 810, 811, 812, 813, 815, 816, 817, 818, 819, 820, 821, 824, 825, 827, 828, 829, 830, 831, 834], "excluded_lines": [805]}, "AsyncDataFrameWriter._save_parquet": {"executed_lines": [], "summary": {"covered_lines": 0, "num_statements": 37, "percent_covered": 0.0, "percent_covered_display": "0.00", "missing_lines": 37, "excluded_lines": 1}, "missing_lines": [838, 839, 841, 842, 843, 844, 848, 849, 850, 851, 852, 856, 857, 859, 860, 861, 862, 864, 865, 866, 867, 868, 869, 870, 872, 873, 876, 877, 878, 879, 880, 881, 883, 884, 885, 886, 887], "excluded_lines": [840]}, "": {"executed_lines": [1, 3, 5, 6, 7, 8, 20, 21, 27, 28, 29, 30, 32, 36, 37, 39, 52, 67, 72, 83, 88, 93, 98, 100, 105, 117, 119, 128, 130, 137, 139, 156, 158, 190, 192, 226, 258, 295, 299, 303, 307, 311, 317, 321, 351, 423, 437, 443, 449, 463, 470, 483, 557, 636, 652, 705, 745, 778, 801, 836], "summary": {"covered_lines": 57, "num_statements": 59, "percent_covered": 96.61016949152543, "percent_covered_display": "96.61", "missing_lines": 2, "excluded_lines": 2}, "missing_lines": [22, 23], "excluded_lines": [32, 33]}}, "classes": {"AsyncDataFrameWriter": {"executed_lines": [40, 41, 42, 43, 44, 45, 46, 47, 48, 49, 50, 160, 163, 164, 169, 175, 176, 178, 179, 180, 181, 182, 183, 184, 186, 212, 215, 216, 220, 223, 224, 244, 247, 248, 252, 255, 256, 445, 447, 453, 454, 455, 456, 459, 639, 640, 642, 644, 645, 648], "summary": {"covered_lines": 50, "num_statements": 435, "percent_covered": 11.494252873563218, "percent_covered_display": "11.49", "missing_lines": 385, "excluded_lines": 10}, "missing_lines": [54, 55, 56, 57, 58, 59, 60, 61, 64, 65, 69, 70, 74, 75, 76, 77, 78, 79, 80, 81, 85, 86, 90, 91, 95, 96, 102, 103, 114, 115, 121, 122, 123, 124, 125, 126, 132, 133, 134, 135, 147, 148, 151, 152, 153, 154, 161, 165, 185, 187, 188, 213, 217, 245, 249, 260, 261, 263, 264, 271, 272, 273, 277, 278, 279, 280, 281, 282, 283, 284, 285, 286, 287, 288, 291, 297, 301, 305, 309, 319, 328, 329, 332, 333, 337, 338, 342, 343, 345, 346, 347, 349, 357, 358, 360, 361, 364, 368, 369, 373, 374, 375, 378, 379, 380, 381, 383, 384, 387, 391, 392, 394, 395, 396, 397, 398, 399, 402, 404, 405, 406, 408, 410, 411, 414, 419, 421, 425, 426, 427, 428, 429, 430, 431, 432, 433, 434, 435, 439, 440, 441, 446, 457, 458, 460, 461, 465, 472, 473, 474, 475, 476, 477, 478, 480, 481, 485, 486, 488, 489, 490, 491, 494, 495, 497, 498, 499, 500, 506, 507, 519, 522, 523, 524, 525, 526, 527, 528, 529, 530, 531, 532, 534, 537, 539, 542, 545, 547, 555, 559, 560, 562, 563, 564, 565, 568, 570, 575, 576, 577, 578, 581, 583, 585, 588, 591, 592, 595, 596, 599, 600, 601, 603, 604, 608, 611, 613, 614, 615, 616, 619, 620, 623, 624, 625, 627, 628, 629, 630, 631, 633, 634, 649, 650, 656, 657, 659, 660, 661, 663, 665, 666, 680, 682, 683, 684, 685, 691, 692, 703, 707, 708, 710, 711, 713, 714, 715, 716, 718, 719, 720, 721, 722, 723, 724, 725, 726, 727, 728, 729, 730, 731, 732, 734, 735, 736, 737, 738, 739, 740, 741, 742, 743, 747, 748, 751, 752, 753, 754, 755, 756, 758, 759, 760, 761, 762, 763, 764, 765, 766, 768, 769, 770, 771, 773, 774, 775, 776, 780, 781, 784, 785, 786, 787, 789, 790, 791, 792, 793, 794, 796, 797, 798, 799, 803, 804, 806, 807, 808, 810, 811, 812, 813, 815, 816, 817, 818, 819, 820, 821, 824, 825, 827, 828, 829, 830, 831, 834, 838, 839, 841, 842, 843, 844, 848, 849, 850, 851, 852, 856, 857, 859, 860, 861, 862, 864, 865, 866, 867, 868, 869, 870, 872, 873, 876, 877, 878, 879, 880, 881, 883, 884, 885, 886, 887], "excluded_lines": [170, 289, 313, 466, 571, 709, 749, 782, 805, 840]}, "": {"executed_lines": [1, 3, 5, 6, 7, 8, 20, 21, 27, 28, 29, 30, 32, 36, 37, 39, 52, 67, 72, 83, 88, 93, 98, 100, 105, 117, 119, 128, 130, 137, 139, 156, 158, 190, 192, 226, 258, 295, 299, 303, 307, 311, 317, 321, 351, 423, 437, 443, 449, 463, 470, 483, 557, 636, 652, 705, 745, 778, 801, 836], "summary": {"covered_lines": 57, "num_statements": 59, "percent_covered": 96.61016949152543, "percent_covered_display": "96.61", "missing_lines": 2, "excluded_lines": 2}, "missing_lines": [22, 23], "excluded_lines": [32, 33]}}}, "src/moltres/dataframe/create_dataframe.py": {"executed_lines": [1, 3, 5, 6, 7, 9, 10, 11, 13, 19, 46, 52, 53, 54, 65, 76, 77, 78, 79, 82, 83, 98, 110, 113, 133, 135, 136, 139, 140, 141, 142, 146, 147, 148, 149, 154, 163, 166, 167, 173, 174, 176, 177, 180, 189, 192, 193, 224, 225, 234, 237, 247, 248, 250, 254, 257, 263, 264, 267, 291, 294, 296, 297, 299, 304, 305, 308, 309, 310, 316, 317, 320, 323, 324, 351, 353, 354, 358, 361, 368, 371, 374, 375, 378, 379, 380, 385, 388, 389, 390, 391, 394, 419, 422, 446, 449, 451, 452, 454, 459, 460, 463, 464, 465, 471, 472, 475, 478, 479, 506, 508, 509, 513, 516, 523, 526, 529, 530, 533, 534, 535, 540, 543, 544, 545, 546, 549, 563, 574], "summary": {"covered_lines": 125, "num_statements": 209, "percent_covered": 59.80861244019139, "percent_covered_display": "59.81", "missing_lines": 84, "excluded_lines": 8}, "missing_lines": [47, 48, 55, 57, 58, 59, 60, 62, 67, 68, 69, 72, 74, 86, 87, 92, 144, 151, 155, 168, 195, 198, 200, 201, 202, 211, 213, 249, 251, 312, 325, 327, 329, 330, 332, 337, 342, 343, 346, 347, 348, 356, 396, 397, 398, 404, 406, 407, 408, 409, 411, 412, 413, 414, 415, 416, 417, 467, 480, 482, 484, 485, 487, 492, 497, 498, 501, 502, 503, 511, 551, 552, 553, 559, 561, 562, 564, 566, 567, 568, 569, 570, 571, 572], "excluded_lines": [13, 14, 15, 16, 291, 292, 446, 447], "functions": {"normalize_data_to_rows": {"executed_lines": [46, 52, 53, 54, 65, 76, 77, 78, 79, 82, 83], "summary": {"covered_lines": 11, "num_statements": 27, "percent_covered": 40.74074074074074, "percent_covered_display": "40.74", "missing_lines": 16, "excluded_lines": 0}, "missing_lines": [47, 48, 55, 57, 58, 59, 60, 62, 67, 68, 69, 72, 74, 86, 87, 92], "excluded_lines": []}, "get_schema_from_records": {"executed_lines": [110], "summary": {"covered_lines": 1, "num_statements": 1, "percent_covered": 100.0, "percent_covered_display": "100.00", "missing_lines": 0, "excluded_lines": 0}, "missing_lines": [], "excluded_lines": []}, "ensure_primary_key": {"executed_lines": [133, 135, 136, 139, 140, 141, 142, 146, 147, 148, 149, 154, 163, 166, 167, 173, 174, 176, 177, 180, 189, 192, 193, 224, 225, 234], "summary": {"covered_lines": 26, "num_statements": 37, "percent_covered": 70.27027027027027, "percent_covered_display": "70.27", "missing_lines": 11, "excluded_lines": 0}, "missing_lines": [144, 151, 155, 168, 195, 198, 200, 201, 202, 211, 213], "excluded_lines": []}, "_get_auto_increment_type": {"executed_lines": [247, 248, 250, 254], "summary": {"covered_lines": 4, "num_statements": 6, "percent_covered": 66.66666666666667, "percent_covered_display": "66.67", "missing_lines": 2, "excluded_lines": 0}, "missing_lines": [249, 251], "excluded_lines": []}, "generate_unique_table_name": {"executed_lines": [263, 264], "summary": {"covered_lines": 2, "num_statements": 2, "percent_covered": 100.0, "percent_covered_display": "100.00", "missing_lines": 0, "excluded_lines": 0}, "missing_lines": [], "excluded_lines": []}, "create_temp_table_from_streaming": {"executed_lines": [291, 294, 296, 297, 299, 304, 305, 308, 309, 310, 316, 317, 320, 323, 324, 351, 353, 354, 358, 361, 368, 371, 374, 375, 378, 379, 380, 385, 388, 389, 390, 391, 394, 419], "summary": {"covered_lines": 33, "num_statements": 61, "percent_covered": 54.09836065573771, "percent_covered_display": "54.10", "missing_lines": 28, "excluded_lines": 2}, "missing_lines": [312, 325, 327, 329, 330, 332, 337, 342, 343, 346, 347, 348, 356, 396, 397, 398, 404, 406, 407, 408, 409, 411, 412, 413, 414, 415, 416, 417], "excluded_lines": [291, 292]}, "create_temp_table_from_streaming_async": {"executed_lines": [446, 449, 451, 452, 454, 459, 460, 463, 464, 465, 471, 472, 475, 478, 479, 506, 508, 509, 513, 516, 523, 526, 529, 530, 533, 534, 535, 540, 543, 544, 545, 546, 549, 563, 574], "summary": {"covered_lines": 34, "num_statements": 61, "percent_covered": 55.73770491803279, "percent_covered_display": "55.74", "missing_lines": 27, "excluded_lines": 2}, "missing_lines": [467, 480, 482, 484, 485, 487, 492, 497, 498, 501, 502, 503, 511, 551, 552, 553, 559, 561, 562, 564, 566, 567, 568, 569, 570, 571, 572], "excluded_lines": [446, 447]}, "": {"executed_lines": [1, 3, 5, 6, 7, 9, 10, 11, 13, 19, 98, 113, 237, 257, 267, 422], "summary": {"covered_lines": 14, "num_statements": 14, "percent_covered": 100.0, "percent_covered_display": "100.00", "missing_lines": 0, "excluded_lines": 4}, "missing_lines": [], "excluded_lines": [13, 14, 15, 16]}}, "classes": {"": {"executed_lines": [1, 3, 5, 6, 7, 9, 10, 11, 13, 19, 46, 52, 53, 54, 65, 76, 77, 78, 79, 82, 83, 98, 110, 113, 133, 135, 136, 139, 140, 141, 142, 146, 147, 148, 149, 154, 163, 166, 167, 173, 174, 176, 177, 180, 189, 192, 193, 224, 225, 234, 237, 247, 248, 250, 254, 257, 263, 264, 267, 291, 294, 296, 297, 299, 304, 305, 308, 309, 310, 316, 317, 320, 323, 324, 351, 353, 354, 358, 361, 368, 371, 374, 375, 378, 379, 380, 385, 388, 389, 390, 391, 394, 419, 422, 446, 449, 451, 452, 454, 459, 460, 463, 464, 465, 471, 472, 475, 478, 479, 506, 508, 509, 513, 516, 523, 526, 529, 530, 533, 534, 535, 540, 543, 544, 545, 546, 549, 563, 574], "summary": {"covered_lines": 125, "num_statements": 209, "percent_covered": 59.80861244019139, "percent_covered_display": "59.81", "missing_lines": 84, "excluded_lines": 8}, "missing_lines": [47, 48, 55, 57, 58, 59, 60, 62, 67, 68, 69, 72, 74, 86, 87, 92, 144, 151, 155, 168, 195, 198, 200, 201, 202, 211, 213, 249, 251, 312, 325, 327, 329, 330, 332, 337, 342, 343, 346, 347, 348, 356, 396, 397, 398, 404, 406, 407, 408, 409, 411, 412, 413, 414, 415, 416, 417, 467, 480, 482, 484, 485, 487, 492, 497, 498, 501, 502, 503, 511, 551, 552, 553, 559, 561, 562, 564, 566, 567, 568, 569, 570, 571, 572], "excluded_lines": [13, 14, 15, 16, 291, 292, 446, 447]}}}, "src/moltres/dataframe/dataframe.py": {"executed_lines": [1, 3, 5, 6, 20, 21, 22, 23, 25, 32, 33, 34, 35, 38, 39, 42, 43, 44, 45, 46, 48, 80, 81, 84, 85, 88, 91, 92, 94, 95, 97, 98, 99, 101, 104, 105, 106, 110, 112, 115, 117, 118, 121, 124, 129, 131, 141, 142, 144, 146, 149, 152, 154, 179, 181, 186, 187, 189, 199, 200, 201, 202, 205, 207, 238, 239, 242, 243, 245, 254, 256, 258, 260, 288, 289, 290, 292, 307, 309, 336, 338, 339, 341, 342, 344, 393, 394, 395, 396, 398, 399, 401, 402, 403, 411, 413, 425, 427, 456, 458, 460, 461, 462, 464, 493, 495, 497, 498, 499, 501, 525, 535, 557, 591, 592, 593, 595, 596, 598, 600, 612, 614, 616, 617, 619, 631, 633, 635, 636, 638, 650, 652, 654, 655, 657, 669, 671, 673, 674, 676, 689, 690, 692, 718, 724, 726, 741, 742, 748, 762, 765, 767, 768, 775, 778, 779, 780, 782, 783, 786, 788, 789, 791, 798, 800, 810, 812, 814, 815, 816, 818, 822, 823, 825, 828, 834, 847, 849, 851, 853, 854, 855, 856, 859, 860, 863, 871, 877, 879, 889, 928, 929, 931, 932, 934, 950, 951, 954, 955, 958, 959, 962, 963, 966, 968, 970, 972, 973, 975, 991, 994, 997, 998, 1014, 1015, 1018, 1021, 1029, 1032, 1053, 1054, 1056, 1059, 1060, 1061, 1062, 1063, 1064, 1065, 1067, 1068, 1069, 1076, 1078, 1123, 1136, 1139, 1147, 1148, 1151, 1152, 1155, 1156, 1159, 1160, 1163, 1164, 1174, 1176, 1221, 1235, 1246, 1260, 1281, 1316, 1338, 1353, 1356, 1362, 1363, 1364, 1365, 1366, 1368, 1370, 1374, 1375, 1380, 1382, 1393, 1399, 1401, 1402, 1403, 1404, 1407, 1408, 1409, 1410, 1412, 1414, 1416, 1417, 1427, 1429, 1430, 1432, 1434, 1436, 1458, 1474, 1477, 1478, 1483, 1484, 1485, 1486, 1488, 1489, 1490, 1491, 1493, 1495, 1498, 1500, 1501, 1502, 1503, 1504, 1505, 1507, 1510, 1513, 1514, 1519, 1520, 1522, 1539, 1541, 1560], "summary": {"covered_lines": 310, "num_statements": 468, "percent_covered": 66.23931623931624, "percent_covered_display": "66.24", "missing_lines": 158, "excluded_lines": 23}, "missing_lines": [119, 133, 134, 136, 137, 138, 150, 182, 190, 191, 192, 193, 194, 196, 246, 247, 248, 249, 250, 252, 337, 457, 459, 494, 496, 551, 552, 553, 554, 555, 613, 615, 632, 634, 651, 653, 670, 672, 711, 712, 713, 714, 715, 716, 746, 769, 771, 795, 796, 827, 831, 832, 862, 868, 884, 886, 887, 909, 910, 912, 913, 916, 918, 919, 921, 923, 925, 926, 992, 1000, 1005, 1011, 1071, 1072, 1073, 1091, 1092, 1094, 1102, 1103, 1104, 1105, 1106, 1107, 1108, 1109, 1110, 1111, 1119, 1121, 1137, 1172, 1183, 1185, 1186, 1187, 1188, 1189, 1192, 1195, 1196, 1197, 1198, 1199, 1200, 1201, 1202, 1205, 1206, 1207, 1210, 1211, 1219, 1230, 1231, 1232, 1233, 1241, 1242, 1243, 1244, 1255, 1256, 1257, 1258, 1269, 1272, 1273, 1274, 1275, 1276, 1277, 1278, 1279, 1294, 1296, 1299, 1302, 1303, 1304, 1305, 1314, 1331, 1332, 1336, 1359, 1377, 1396, 1460, 1462, 1463, 1467, 1468, 1469, 1492, 1499, 1506, 1509], "excluded_lines": [25, 26, 27, 28, 29, 1416, 1417, 1418, 1419, 1420, 1421, 1422, 1423, 1424, 1425, 1426, 1427, 1429, 1430, 1431, 1432, 1433, 1434], "functions": {"DataFrame.from_table": {"executed_lines": [42, 43, 44, 45, 46], "summary": {"covered_lines": 5, "num_statements": 5, "percent_covered": 100.0, "percent_covered_display": "100.00", "missing_lines": 0, "excluded_lines": 0}, "missing_lines": [], "excluded_lines": []}, "DataFrame.select": {"executed_lines": [80, 81, 84, 85, 88, 91, 92, 94, 95, 97, 98, 99, 101, 104, 105, 106, 110, 112, 115, 117, 118, 121, 124, 129, 131, 141, 142, 144, 146, 149, 152], "summary": {"covered_lines": 31, "num_statements": 38, "percent_covered": 81.57894736842105, "percent_covered_display": "81.58", "missing_lines": 7, "excluded_lines": 0}, "missing_lines": [119, 133, 134, 136, 137, 138, 150], "excluded_lines": []}, "DataFrame.selectExpr": {"executed_lines": [179, 181, 186, 187, 189, 199, 200, 201, 202, 205], "summary": {"covered_lines": 10, "num_statements": 17, "percent_covered": 58.8235294117647, "percent_covered_display": "58.82", "missing_lines": 7, "excluded_lines": 0}, "missing_lines": [182, 190, 191, 192, 193, 194, 196], "excluded_lines": []}, "DataFrame.where": {"executed_lines": [238, 239, 242, 243, 245, 254, 256], "summary": {"covered_lines": 7, "num_statements": 13, "percent_covered": 53.84615384615385, "percent_covered_display": "53.85", "missing_lines": 6, "excluded_lines": 0}, "missing_lines": [246, 247, 248, 249, 250, 252], "excluded_lines": []}, "DataFrame.limit": {"executed_lines": [288, 289, 290], "summary": {"covered_lines": 3, "num_statements": 3, "percent_covered": 100.0, "percent_covered_display": "100.00", "missing_lines": 0, "excluded_lines": 0}, "missing_lines": [], "excluded_lines": []}, "DataFrame.sample": {"executed_lines": [307], "summary": {"covered_lines": 1, "num_statements": 1, "percent_covered": 100.0, "percent_covered_display": "100.00", "missing_lines": 0, "excluded_lines": 0}, "missing_lines": [], "excluded_lines": []}, "DataFrame.order_by": {"executed_lines": [336, 338, 339], "summary": {"covered_lines": 3, "num_statements": 4, "percent_covered": 75.0, "percent_covered_display": "75.00", "missing_lines": 1, "excluded_lines": 0}, "missing_lines": [337], "excluded_lines": []}, "DataFrame.join": {"executed_lines": [393, 394, 395, 396, 398, 399, 401, 402, 403, 411], "summary": {"covered_lines": 10, "num_statements": 10, "percent_covered": 100.0, "percent_covered_display": "100.00", "missing_lines": 0, "excluded_lines": 0}, "missing_lines": [], "excluded_lines": []}, "DataFrame.crossJoin": {"executed_lines": [425], "summary": {"covered_lines": 1, "num_statements": 1, "percent_covered": 100.0, "percent_covered_display": "100.00", "missing_lines": 0, "excluded_lines": 0}, "missing_lines": [], "excluded_lines": []}, "DataFrame.semi_join": {"executed_lines": [456, 458, 460, 461, 462], "summary": {"covered_lines": 5, "num_statements": 7, "percent_covered": 71.42857142857143, "percent_covered_display": "71.43", "missing_lines": 2, "excluded_lines": 0}, "missing_lines": [457, 459], "excluded_lines": []}, "DataFrame.anti_join": {"executed_lines": [493, 495, 497, 498, 499], "summary": {"covered_lines": 5, "num_statements": 7, "percent_covered": 71.42857142857143, "percent_covered_display": "71.43", "missing_lines": 2, "excluded_lines": 0}, "missing_lines": [494, 496], "excluded_lines": []}, "DataFrame.pivot": {"executed_lines": [525], "summary": {"covered_lines": 1, "num_statements": 1, "percent_covered": 100.0, "percent_covered_display": "100.00", "missing_lines": 0, "excluded_lines": 0}, "missing_lines": [], "excluded_lines": []}, "DataFrame.explode": {"executed_lines": [], "summary": {"covered_lines": 0, "num_statements": 5, "percent_covered": 0.0, "percent_covered_display": "0.00", "missing_lines": 5, "excluded_lines": 0}, "missing_lines": [551, 552, 553, 554, 555], "excluded_lines": []}, "DataFrame.group_by": {"executed_lines": [591, 592, 593, 595, 596], "summary": {"covered_lines": 5, "num_statements": 5, "percent_covered": 100.0, "percent_covered_display": "100.00", "missing_lines": 0, "excluded_lines": 0}, "missing_lines": [], "excluded_lines": []}, "DataFrame.union": {"executed_lines": [612, 614, 616, 617], "summary": {"covered_lines": 4, "num_statements": 6, "percent_covered": 66.66666666666667, "percent_covered_display": "66.67", "missing_lines": 2, "excluded_lines": 0}, "missing_lines": [613, 615], "excluded_lines": []}, "DataFrame.unionAll": {"executed_lines": [631, 633, 635, 636], "summary": {"covered_lines": 4, "num_statements": 6, "percent_covered": 66.66666666666667, "percent_covered_display": "66.67", "missing_lines": 2, "excluded_lines": 0}, "missing_lines": [632, 634], "excluded_lines": []}, "DataFrame.intersect": {"executed_lines": [650, 652, 654, 655], "summary": {"covered_lines": 4, "num_statements": 6, "percent_covered": 66.66666666666667, "percent_covered_display": "66.67", "missing_lines": 2, "excluded_lines": 0}, "missing_lines": [651, 653], "excluded_lines": []}, "DataFrame.except_": {"executed_lines": [669, 671, 673, 674], "summary": {"covered_lines": 4, "num_statements": 6, "percent_covered": 66.66666666666667, "percent_covered_display": "66.67", "missing_lines": 2, "excluded_lines": 0}, "missing_lines": [670, 672], "excluded_lines": []}, "DataFrame.cte": {"executed_lines": [689, 690], "summary": {"covered_lines": 2, "num_statements": 2, "percent_covered": 100.0, "percent_covered_display": "100.00", "missing_lines": 0, "excluded_lines": 0}, "missing_lines": [], "excluded_lines": []}, "DataFrame.recursive_cte": {"executed_lines": [], "summary": {"covered_lines": 0, "num_statements": 6, "percent_covered": 0.0, "percent_covered_display": "0.00", "missing_lines": 6, "excluded_lines": 0}, "missing_lines": [711, 712, 713, 714, 715, 716], "excluded_lines": []}, "DataFrame.distinct": {"executed_lines": [724], "summary": {"covered_lines": 1, "num_statements": 1, "percent_covered": 100.0, "percent_covered_display": "100.00", "missing_lines": 0, "excluded_lines": 0}, "missing_lines": [], "excluded_lines": []}, "DataFrame.dropDuplicates": {"executed_lines": [741, 742], "summary": {"covered_lines": 2, "num_statements": 3, "percent_covered": 66.66666666666667, "percent_covered_display": "66.67", "missing_lines": 1, "excluded_lines": 0}, "missing_lines": [746], "excluded_lines": []}, "DataFrame.withColumn": {"executed_lines": [762, 765, 767, 768, 775, 778, 779, 780, 782, 783, 786, 788, 789, 791, 798], "summary": {"covered_lines": 15, "num_statements": 19, "percent_covered": 78.94736842105263, "percent_covered_display": "78.95", "missing_lines": 4, "excluded_lines": 0}, "missing_lines": [769, 771, 795, 796], "excluded_lines": []}, "DataFrame.withColumnRenamed": {"executed_lines": [810, 812, 814, 815, 816, 818, 822, 823, 825, 828], "summary": {"covered_lines": 10, "num_statements": 13, "percent_covered": 76.92307692307692, "percent_covered_display": "76.92", "missing_lines": 3, "excluded_lines": 0}, "missing_lines": [827, 831, 832], "excluded_lines": []}, "DataFrame.drop": {"executed_lines": [847, 849, 851, 853, 854, 855, 856, 859, 860, 863], "summary": {"covered_lines": 10, "num_statements": 12, "percent_covered": 83.33333333333333, "percent_covered_display": "83.33", "missing_lines": 2, "excluded_lines": 0}, "missing_lines": [862, 868], "excluded_lines": []}, "DataFrame.to_sql": {"executed_lines": [877, 879], "summary": {"covered_lines": 2, "num_statements": 5, "percent_covered": 40.0, "percent_covered_display": "40.00", "missing_lines": 3, "excluded_lines": 0}, "missing_lines": [884, 886,
[...]
, 177], "summary": {"covered_lines": 3, "num_statements": 3, "percent_covered": 100.0, "percent_covered_display": "100.00", "missing_lines": 0, "excluded_lines": 0}, "missing_lines": [], "excluded_lines": []}, "TransactionError.__init__": {"executed_lines": [187, 188, 194], "summary": {"covered_lines": 3, "num_statements": 3, "percent_covered": 100.0, "percent_covered_display": "100.00", "missing_lines": 0, "excluded_lines": 0}, "missing_lines": [], "excluded_lines": []}, "UnsupportedOperationError.__init__": {"executed_lines": [204, 205, 209], "summary": {"covered_lines": 3, "num_statements": 3, "percent_covered": 100.0, "percent_covered_display": "100.00", "missing_lines": 0, "excluded_lines": 0}, "missing_lines": [], "excluded_lines": []}, "": {"executed_lines": [1, 3, 6, 7, 9, 24, 35, 36, 38, 69, 70, 72, 101, 102, 104, 125, 126, 129, 130, 132, 144, 145, 147, 163, 164, 166, 180, 181, 183, 197, 198, 200], "summary": {"covered_lines": 21, "num_statements": 21, "percent_covered": 100.0, "percent_covered_display": "100.00", "missing_lines": 0, "excluded_lines": 0}, "missing_lines": [], "excluded_lines": []}}, "classes": {"MoltresError": {"executed_lines": [19, 20, 21, 22, 26, 27, 28, 29, 30, 31, 32], "summary": {"covered_lines": 11, "num_statements": 11, "percent_covered": 100.0, "percent_covered_display": "100.00", "missing_lines": 0, "excluded_lines": 0}, "missing_lines": [], "excluded_lines": []}, "CompilationError": {"executed_lines": [49, 50, 51, 55, 56, 61, 62, 66], "summary": {"covered_lines": 8, "num_statements": 8, "percent_covered": 100.0, "percent_covered_display": "100.00", "missing_lines": 0, "excluded_lines": 0}, "missing_lines": [], "excluded_lines": []}, "ExecutionError": {"executed_lines": [82, 83, 84, 88, 89, 93, 94, 98], "summary": {"covered_lines": 8, "num_statements": 8, "percent_covered": 100.0, "percent_covered_display": "100.00", "missing_lines": 0, "excluded_lines": 0}, "missing_lines": [], "excluded_lines": []}, "ValidationError": {"executed_lines": [114, 115, 116, 120, 121, 122], "summary": {"covered_lines": 6, "num_statements": 6, "percent_covered": 100.0, "percent_covered_display": "100.00", "missing_lines": 0, "excluded_lines": 0}, "missing_lines": [], "excluded_lines": []}, "SchemaError": {"executed_lines": [], "summary": {"covered_lines": 0, "num_statements": 0, "percent_covered": 100.0, "percent_covered_display": "100.00", "missing_lines": 0, "excluded_lines": 0}, "missing_lines": [], "excluded_lines": []}, "DatabaseConnectionError": {"executed_lines": [136, 137, 141], "summary": {"covered_lines": 3, "num_statements": 3, "percent_covered": 100.0, "percent_covered_display": "100.00", "missing_lines": 0, "excluded_lines": 0}, "missing_lines": [], "excluded_lines": []}, "QueryTimeoutError": {"executed_lines": [151, 157, 158, 159, 160], "summary": {"covered_lines": 5, "num_statements": 5, "percent_covered": 100.0, "percent_covered_display": "100.00", "missing_lines": 0, "excluded_lines": 0}, "missing_lines": [], "excluded_lines": []}, "ConnectionPoolError": {"executed_lines": [170, 171, 177], "summary": {"covered_lines": 3, "num_statements": 3, "percent_covered": 100.0, "percent_covered_display": "100.00", "missing_lines": 0, "excluded_lines": 0}, "missing_lines": [], "excluded_lines": []}, "TransactionError": {"executed_lines": [187, 188, 194], "summary": {"covered_lines": 3, "num_statements": 3, "percent_covered": 100.0, "percent_covered_display": "100.00", "missing_lines": 0, "excluded_lines": 0}, "missing_lines": [], "excluded_lines": []}, "UnsupportedOperationError": {"executed_lines": [204, 205, 209], "summary": {"covered_lines": 3, "num_statements": 3, "percent_covered": 100.0, "percent_covered_display": "100.00", "missing_lines": 0, "excluded_lines": 0}, "missing_lines": [], "excluded_lines": []}, "": {"executed_lines": [1, 3, 6, 7, 9, 24, 35, 36, 38, 69, 70, 72, 101, 102, 104, 125, 126, 129, 130, 132, 144, 145, 147, 163, 164, 166, 180, 181, 183, 197, 198, 200], "summary": {"covered_lines": 21, "num_statements": 21, "percent_covered": 100.0, "percent_covered_display": "100.00", "missing_lines": 0, "excluded_lines": 0}, "missing_lines": [], "excluded_lines": []}}}, "src/moltres/utils/health.py": {"executed_lines": [1, 3, 5, 6, 7, 9, 12, 13, 15, 30, 31, 32, 33, 35, 37, 39, 41, 42, 43, 46, 59, 61, 63, 65, 66, 67, 68, 82, 96, 109, 111, 113, 114, 115, 116, 117, 131, 145, 156, 157, 158, 161, 162, 163, 166, 167, 168, 170, 172, 173, 176, 193, 203, 204, 211, 222, 224, 225, 228, 229, 231, 232, 234, 237, 238, 239, 241, 242, 248, 252, 253], "summary": {"covered_lines": 65, "num_statements": 83, "percent_covered": 78.3132530120482, "percent_covered_display": "78.31", "missing_lines": 18, "excluded_lines": 5}, "missing_lines": [75, 76, 86, 87, 88, 124, 125, 135, 136, 137, 169, 171, 177, 178, 179, 180, 186, 199], "excluded_lines": [39, 40, 41, 42, 43], "functions": {"HealthCheckResult.__init__": {"executed_lines": [30, 31, 32, 33], "summary": {"covered_lines": 4, "num_statements": 4, "percent_covered": 100.0, "percent_covered_display": "100.00", "missing_lines": 0, "excluded_lines": 0}, "missing_lines": [], "excluded_lines": []}, "HealthCheckResult.__bool__": {"executed_lines": [37], "summary": {"covered_lines": 1, "num_statements": 1, "percent_covered": 100.0, "percent_covered_display": "100.00", "missing_lines": 0, "excluded_lines": 0}, "missing_lines": [], "excluded_lines": []}, "HealthCheckResult.__repr__": {"executed_lines": [41, 42, 43], "summary": {"covered_lines": 0, "num_statements": 0, "percent_covered": 100.0, "percent_covered_display": "100.00", "missing_lines": 0, "excluded_lines": 4}, "missing_lines": [], "excluded_lines": [40, 41, 42, 43]}, "check_connection_health": {"executed_lines": [59, 61, 63, 65, 66, 67, 68, 82], "summary": {"covered_lines": 8, "num_statements": 13, "percent_covered": 61.53846153846154, "percent_covered_display": "61.54", "missing_lines": 5, "excluded_lines": 0}, "missing_lines": [75, 76, 86, 87, 88], "excluded_lines": []}, "check_connection_health_async": {"executed_lines": [109, 111, 113, 114, 115, 116, 117, 131], "summary": {"covered_lines": 8, "num_statements": 13, "percent_covered": 61.53846153846154, "percent_covered_display": "61.54", "missing_lines": 5, "excluded_lines": 0}, "missing_lines": [124, 125, 135, 136, 137], "excluded_lines": []}, "check_pool_health": {"executed_lines": [156, 157, 158, 161, 162, 163, 166, 167, 168, 170, 172, 173, 176, 193, 203, 204], "summary": {"covered_lines": 16, "num_statements": 24, "percent_covered": 66.66666666666667, "percent_covered_display": "66.67", "missing_lines": 8, "excluded_lines": 0}, "missing_lines": [169, 171, 177, 178, 179, 180, 186, 199], "excluded_lines": []}, "validate_configuration": {"executed_lines": [222, 224, 225, 228, 229, 231, 232, 234, 237, 238, 239, 241, 242, 248, 252, 253], "summary": {"covered_lines": 16, "num_statements": 16, "percent_covered": 100.0, "percent_covered_display": "100.00", "missing_lines": 0, "excluded_lines": 0}, "missing_lines": [], "excluded_lines": []}, "": {"executed_lines": [1, 3, 5, 6, 7, 9, 12, 13, 15, 35, 39, 46, 96, 145, 211], "summary": {"covered_lines": 12, "num_statements": 12, "percent_covered": 100.0, "percent_covered_display": "100.00", "missing_lines": 0, "excluded_lines": 1}, "missing_lines": [], "excluded_lines": [39]}}, "classes": {"HealthCheckResult": {"executed_lines": [30, 31, 32, 33, 37, 41, 42, 43], "summary": {"covered_lines": 5, "num_statements": 5, "percent_covered": 100.0, "percent_covered_display": "100.00", "missing_lines": 0, "excluded_lines": 4}, "missing_lines": [], "excluded_lines": [40, 41, 42, 43]}, "": {"executed_lines": [1, 3, 5, 6, 7, 9, 12, 13, 15, 35, 39, 46, 59, 61, 63, 65, 66, 67, 68, 82, 96, 109, 111, 113, 114, 115, 116, 117, 131, 145, 156, 157, 158, 161, 162, 163, 166, 167, 168, 170, 172, 173, 176, 193, 203, 204, 211, 222, 224, 225, 228, 229, 231, 232, 234, 237, 238, 239, 241, 242, 248, 252, 253], "summary": {"covered_lines": 60, "num_statements": 78, "percent_covered": 76.92307692307692, "percent_covered_display": "76.92", "missing_lines": 18, "excluded_lines": 1}, "missing_lines": [75, 76, 86, 87, 88, 124, 125, 135, 136, 137, 169, 171, 177, 178, 179, 180, 186, 199], "excluded_lines": [39]}}}, "src/moltres/utils/inspector.py": {"executed_lines": [1, 8, 10, 13, 14, 15, 29, 30], "summary": {"covered_lines": 6, "num_statements": 6, "percent_covered": 100.0, "percent_covered_display": "100.00", "missing_lines": 0, "excluded_lines": 0}, "missing_lines": [], "excluded_lines": [], "functions": {"": {"executed_lines": [1, 8, 10, 13, 14, 15, 29, 30], "summary": {"covered_lines": 6, "num_statements": 6, "percent_covered": 100.0, "percent_covered_display": "100.00", "missing_lines": 0, "excluded_lines": 0}, "missing_lines": [], "excluded_lines": []}}, "classes": {"ColumnInfo": {"executed_lines": [], "summary": {"covered_lines": 0, "num_statements": 0, "percent_covered": 100.0, "percent_covered_display": "100.00", "missing_lines": 0, "excluded_lines": 0}, "missing_lines": [], "excluded_lines": []}, "": {"executed_lines": [1, 8, 10, 13, 14, 15, 29, 30], "summary": {"covered_lines": 6, "num_statements": 6, "percent_covered": 100.0, "percent_covered_display": "100.00", "missing_lines": 0, "excluded_lines": 0}, "missing_lines": [], "excluded_lines": []}}}, "src/moltres/utils/retry.py": {"executed_lines": [1, 3, 5, 6, 7, 8, 10, 12, 15, 16, 18, 37, 38, 39, 40, 41, 42, 48, 58, 61, 64, 65, 66, 68, 71, 82, 83, 86, 87, 98, 101, 119, 120, 122, 124, 125, 126, 127, 128, 131, 132, 133, 136, 137, 138, 146, 147, 148, 149, 150, 155, 157, 163, 171, 189, 191, 192, 194, 196, 197, 198, 199, 200, 201, 204, 205, 206, 209, 210, 211, 219, 220, 221, 222, 223, 228, 230, 236], "summary": {"covered_lines": 76, "num_statements": 82, "percent_covered": 92.6829268292683, "percent_covered_display": "92.68", "missing_lines": 6, "excluded_lines": 0}, "missing_lines": [166, 167, 168, 239, 240, 241], "excluded_lines": [], "functions": {"RetryConfig.__init__": {"executed_lines": [37, 38, 39, 40, 41, 42], "summary": {"covered_lines": 6, "num_statements": 6, "percent_covered": 100.0, "percent_covered_display": "100.00", "missing_lines": 0, "excluded_lines": 0}, "missing_lines": [], "excluded_lines": []}, "RetryConfig.calculate_delay": {"executed_lines": [58, 61, 64, 65, 66, 68], "summary": {"covered_lines": 6, "num_statements": 6, "percent_covered": 100.0, "percent_covered_display": "100.00", "missing_lines": 0, "excluded_lines": 0}, "missing_lines": [], "excluded_lines": []}, "is_retryable_error": {"executed_lines": [82, 83, 86, 87, 98], "summary": {"covered_lines": 5, "num_statements": 5, "percent_covered": 100.0, "percent_covered_display": "100.00", "missing_lines": 0, "excluded_lines": 0}, "missing_lines": [], "excluded_lines": []}, "retry_with_backoff": {"executed_lines": [119, 120, 122, 124, 125, 126, 127, 128, 131, 132, 133, 136, 137, 138, 146, 147, 148, 149, 150, 155, 157, 163], "summary": {"covered_lines": 22, "num_statements": 25, "percent_covered": 88.0, "percent_covered_display": "88.00", "missing_lines": 3, "excluded_lines": 0}, "missing_lines": [166, 167, 168], "excluded_lines": []}, "retry_with_backoff_async": {"executed_lines": [189, 191, 192, 194, 196, 197, 198, 199, 200, 201, 204, 205, 206, 209, 210, 211, 219, 220, 221, 222, 223, 228, 230, 236], "summary": {"covered_lines": 24, "num_statements": 27, "percent_covered": 88.88888888888889, "percent_covered_display": "88.89", "missing_lines": 3, "excluded_lines": 0}, "missing_lines": [239, 240, 241], "excluded_lines": []}, "": {"executed_lines": [1, 3, 5, 6, 7, 8, 10, 12, 15, 16, 18, 48, 71, 101, 171], "summary": {"covered_lines": 13, "num_statements": 13, "percent_covered": 100.0, "percent_covered_display": "100.00", "missing_lines": 0, "excluded_lines": 0}, "missing_lines": [], "excluded_lines": []}}, "classes": {"RetryConfig": {"executed_lines": [37, 38, 39, 40, 41, 42, 58, 61, 64, 65, 66, 68], "summary": {"covered_lines": 12, "num_statements": 12, "percent_covered": 100.0, "percent_covered_display": "100.00", "missing_lines": 0, "excluded_lines": 0}, "missing_lines": [], "excluded_lines": []}, "": {"executed_lines": [1, 3, 5, 6, 7, 8, 10, 12, 15, 16, 18, 48, 71, 82, 83, 86, 87, 98, 101, 119, 120, 122, 124, 125, 126, 127, 128, 131, 132, 133, 136, 137, 138, 146, 147, 148, 149, 150, 155, 157, 163, 171, 189, 191, 192, 194, 196, 197, 198, 199, 200, 201, 204, 205, 206, 209, 210, 211, 219, 220, 221, 222, 223, 228, 230, 236], "summary": {"covered_lines": 64, "num_statements": 70, "percent_covered": 91.42857142857143, "percent_covered_display": "91.43", "missing_lines": 6, "excluded_lines": 0}, "missing_lines": [166, 167, 168, 239, 240, 241], "excluded_lines": []}}}, "src/moltres/utils/telemetry.py": {"executed_lines": [1, 3, 5, 6, 7, 8, 10, 13, 14, 19, 25, 27, 40, 45, 46, 47, 48, 49, 51, 68, 74, 75, 76, 78, 82, 83, 84, 85, 87, 89, 106, 113, 114, 115, 117, 119, 121, 132, 137, 138, 139, 142, 143, 148, 150, 151, 152, 153, 154, 156, 163, 164, 165, 166, 167, 169, 171, 173, 179, 182, 191, 193, 194, 195, 196, 197, 201, 202, 205, 207, 210, 212, 215, 222, 223, 224, 225, 230, 231, 240, 241, 242, 253, 255], "summary": {"covered_lines": 81, "num_statements": 85, "percent_covered": 95.29411764705883, "percent_covered_display": "95.29", "missing_lines": 4, "excluded_lines": 0}, "missing_lines": [77, 79, 116, 118], "excluded_lines": [], "functions": {"StructuredLogger.__init__": {"executed_lines": [25], "summary": {"covered_lines": 1, "num_statements": 1, "percent_covered": 100.0, "percent_covered_display": "100.00", "missing_lines": 0, "excluded_lines": 0}, "missing_lines": [], "excluded_lines": []}, "StructuredLogger.log_query_start": {"executed_lines": [40, 45, 46, 47, 48, 49], "summary": {"covered_lines": 6, "num_statements": 6, "percent_covered": 100.0, "percent_covered_display": "100.00", "missing_lines": 0, "excluded_lines": 0}, "missing_lines": [], "excluded_lines": []}, "StructuredLogger.log_query_end": {"executed_lines": [68, 74, 75, 76, 78, 82, 83, 84, 85, 87], "summary": {"covered_lines": 10, "num_statements": 12, "percent_covered": 83.33333333333333, "percent_covered_display": "83.33", "missing_lines": 2, "excluded_lines": 0}, "missing_lines": [77, 79], "excluded_lines": []}, "StructuredLogger.log_query_error": {"executed_lines": [106, 113, 114, 115, 117, 119], "summary": {"covered_lines": 6, "num_statements": 8, "percent_covered": 75.0, "percent_covered_display": "75.00", "missing_lines": 2, "excluded_lines": 0}, "missing_lines": [116, 118], "excluded_lines": []}, "StructuredLogger.log_connection_event": {"executed_lines": [132, 137, 138, 139], "summary": {"covered_lines": 4, "num_statements": 4, "percent_covered": 100.0, "percent_covered_display": "100.00", "missing_lines": 0, "excluded_lines": 0}, "missing_lines": [], "excluded_lines": []}, "MetricsCollector.__init__": {"executed_lines": [150, 151, 152, 153, 154], "summary": {"covered_lines": 5, "num_statements": 5, "percent_covered": 100.0, "percent_covered_display": "100.00", "missing_lines": 0, "excluded_lines": 0}, "missing_lines": [], "excluded_lines": []}, "MetricsCollector.record_query": {"executed_lines": [163, 164, 165, 166, 167], "summary": {"covered_lines": 5, "num_statements": 5, "percent_covered": 100.0, "percent_covered_display": "100.00", "missing_lines": 0, "excluded_lines": 0}, "missing_lines": [], "excluded_lines": []}, "MetricsCollector.record_connection": {"executed_lines": [171], "summary": {"covered_lines": 1, "num_statements": 1, "percent_covered": 100.0, "percent_covered_display": "100.00", "missing_lines": 0, "excluded_lines": 0}, "missing_lines": [], "excluded_lines": []}, "MetricsCollector.get_metrics": {"executed_lines": [179, 182], "summary": {"covered_lines": 2, "num_statements": 2, "percent_covered": 100.0, "percent_covered_display": "100.00", "missing_lines": 0, "excluded_lines": 0}, "missing_lines": [], "excluded_lines": []}, "MetricsCollector.reset": {"executed_lines": [193, 194, 195, 196, 197], "summary": {"covered_lines": 5, "num_statements": 5, "percent_covered": 100.0, "percent_covered_display": "100.00", "missing_lines": 0, "excluded_lines": 0}, "missing_lines": [], "excluded_lines": []}, "get_structured_logger": {"executed_lines": [207], "summary": {"covered_lines": 1, "num_statements": 1, "percent_covered": 100.0, "percent_covered_display": "100.00", "missing_lines": 0, "excluded_lines": 0}, "missing_lines": [], "excluded_lines": []}, "get_metrics_collector": {"executed_lines": [212], "summary": {"covered_lines": 1, "num_statements": 1, "percent_covered": 100.0, "percent_covered_display": "100.00", "missing_lines": 0, "excluded_lines": 0}, "missing_lines": [], "excluded_lines": []}, "create_performance_hook_from_logger": {"executed_lines": [222, 255], "summary": {"covered_lines": 2, "num_statements": 2, "percent_covered": 100.0, "percent_covered_display": "100.00", "missing_lines": 0, "excluded_lines": 0}, "missing_lines": [], "excluded_lines": []}, "create_performance_hook_from_logger.hook": {"executed_lines": [223, 224, 225, 230, 231, 240, 241, 242, 253], "summary": {"covered_lines": 9, "num_statements": 9, "percent_covered": 100.0, "percent_covered_display": "100.00", "missing_lines": 0, "excluded_lines": 0}, "missing_lines": [], "excluded_lines": []}, "": {"executed_lines": [1, 3, 5, 6, 7, 8, 10, 13, 14, 19, 27, 51, 89, 121, 142, 143, 148, 156, 169, 173, 191, 201, 202, 205, 210, 215], "summary": {"covered_lines": 23, "num_statements": 23, "percent_covered": 100.0, "percent_covered_display": "100.00", "missing_lines": 0, "excluded_lines": 0}, "missing_lines": [], "excluded_lines": []}}, "classes": {"StructuredLogger": {"executed_lines": [25, 40, 45, 46, 47, 48, 49, 68, 74, 75, 76, 78, 82, 83, 84, 85, 87, 106, 113, 114, 115, 117, 119, 132, 137, 138, 139], "summary": {"covered_lines": 27, "num_statements": 31, "percent_covered": 87.09677419354838, "percent_covered_display": "87.10", "missing_lines": 4, "excluded_lines": 0}, "missing_lines": [77, 79, 116, 118], "excluded_lines": []}, "MetricsCollector": {"executed_lines": [150, 151, 152, 153, 154, 163, 164, 165, 166, 167, 171, 179, 182, 193, 194, 195, 196, 197], "summary": {"covered_lines": 18, "num_statements": 18, "percent_covered": 100.0, "percent_covered_display": "100.00", "missing_lines": 0, "excluded_lines": 0}, "missing_lines": [], "excluded_lines": []}, "": {"executed_lines": [1, 3, 5, 6, 7, 8, 10, 13, 14, 19, 27, 51, 89, 121, 142, 143, 148, 156, 169, 173, 191, 201, 202, 205, 207, 210, 212, 215, 222, 223, 224, 225, 230, 231, 240, 241, 242, 253, 255], "summary": {"covered_lines": 36, "num_statements": 36, "percent_covered": 100.0, "percent_covered_display": "100.00", "missing_lines": 0, "excluded_lines": 0}, "missing_lines": [], "excluded_lines": []}}}, "src/moltres/utils/typing.py": {"executed_lines": [1, 3, 5, 8, 9, 10], "summary": {"covered_lines": 2, "num_statements": 2, "percent_covered": 100.0, "percent_covered_display": "100.00", "missing_lines": 0, "excluded_lines": 3}, "missing_lines": [], "excluded_lines": [8, 9, 10], "functions": {"": {"executed_lines": [1, 3, 5, 8, 9, 10], "summary": {"covered_lines": 2, "num_statements": 2, "percent_covered": 100.0, "percent_covered_display": "100.00", "missing_lines": 0, "excluded_lines": 3}, "missing_lines": [], "excluded_lines": [8, 9, 10]}}, "classes": {"SupportsAlias": {"executed_lines": [], "summary": {"covered_lines": 0, "num_statements": 0, "percent_covered": 100.0, "percent_covered_display": "100.00", "missing_lines": 0, "excluded_lines": 0}, "missing_lines": [], "excluded_lines": []}, "": {"executed_lines": [1, 3, 5, 8, 9, 10], "summary": {"covered_lines": 2, "num_statements": 2, "percent_covered": 100.0, "percent_covered_display": "100.00", "missing_lines": 0, "excluded_lines": 3}, "missing_lines": [], "excluded_lines": [8, 9, 10]}}}}, "totals": {"covered_lines": 6433, "num_statements": 9188, "percent_covered": 70.01523726599913, "percent_covered_display": "70.02", "missing_lines": 2755, "excluded_lines": 322}}